[Bulk Import] Starting run with:
  Import script: /backups/BansalJitendra/ema-kmb-ue-test/repo/tools/importer/import-kotak.bundle.js
  URLs file:     /backups/BansalJitendra/ema-kmb-ue-test/repo/tools/importer/urls-section-landing.txt
  Output dir:    /backups/BansalJitendra/ema-kmb-ue-test/repo/content
  URL count:     13

  Browser:       Chromium (bundled) [Chrome unavailable: browserType.launch: Chromium distribution 'chrome' is not found at /opt/google/chrome/chrome
Run "npx playwright install chrome"]
[1/13] Starting https://www.kotak.bank.in/en/about-us/careers.html
[Browser Console] [Meta Pixel] - Invalid PixelID: null.
[Browser Console] get data url from a base64 image (): InvalidCharacterError: Failed to execute 'atob' on 'Window': The string to be decoded is not correctly encoded.
    at _C.getDataUrlFromB64Img (<anonymous>:2:1876557)
    at <anonymous>:2:1892650
    at NodeList.forEach (<anonymous>)
    at u.storageHandler.preProcess (<anonymous>:2:1892424)
    at u.storageHandler.import (<anonymous>:2:1893650)
    at async jC (<anonymous>:2:1900296)
[Browser Console] get data url from a base64 image (): InvalidCharacterError: Failed to execute 'atob' on 'Window': The string to be decoded is not correctly encoded.
    at _C.getDataUrlFromB64Img (<anonymous>:2:1876557)
    at <anonymous>:2:1892650
    at NodeList.forEach (<anonymous>)
    at u.storageHandler.preProcess (<anonymous>:2:1892424)
    at u.storageHandler.import (<anonymous>:2:1893650)
    at async jC (<anonymous>:2:1900296)
[Browser Console] get data url from a base64 image (): InvalidCharacterError: Failed to execute 'atob' on 'Window': The string to be decoded is not correctly encoded.
    at _C.getDataUrlFromB64Img (<anonymous>:2:1876557)
    at <anonymous>:2:1892650
    at NodeList.forEach (<anonymous>)
    at u.storageHandler.preProcess (<anonymous>:2:1892424)
    at u.storageHandler.import (<anonymous>:2:1893650)
    at async jC (<anonymous>:2:1900296)
[Browser Console] get data url from a base64 image (): InvalidCharacterError: Failed to execute 'atob' on 'Window': The string to be decoded is not correctly encoded.
    at _C.getDataUrlFromB64Img (<anonymous>:2:1876557)
    at <anonymous>:2:1892650
    at NodeList.forEach (<anonymous>)
    at u.storageHandler.preProcess (<anonymous>:2:1892424)
    at u.storageHandler.import (<anonymous>:2:1893650)
    at async jC (<anonymous>:2:1900296)
[Browser Console] get data url from a base64 image (): InvalidCharacterError: Failed to execute 'atob' on 'Window': The string to be decoded is not correctly encoded.
    at _C.getDataUrlFromB64Img (<anonymous>:2:1876557)
    at <anonymous>:2:1892650
    at NodeList.forEach (<anonymous>)
    at u.storageHandler.preProcess (<anonymous>:2:1892424)
    at u.storageHandler.import (<anonymous>:2:1893650)
    at async jC (<anonymous>:2:1900296)
[Browser Console] get data url from a base64 image (): InvalidCharacterError: Failed to execute 'atob' on 'Window': The string to be decoded is not correctly encoded.
    at _C.getDataUrlFromB64Img (<anonymous>:2:1876557)
    at <anonymous>:2:1892650
    at NodeList.forEach (<anonymous>)
    at u.storageHandler.preProcess (<anonymous>:2:1892424)
    at u.storageHandler.import (<anonymous>:2:1893650)
    at async jC (<anonymous>:2:1900296)
[Browser Console] get data url from a base64 image (): InvalidCharacterError: Failed to execute 'atob' on 'Window': The string to be decoded is not correctly encoded.
    at _C.getDataUrlFromB64Img (<anonymous>:2:1876557)
    at <anonymous>:2:1892650
    at NodeList.forEach (<anonymous>)
    at u.storageHandler.preProcess (<anonymous>:2:1892424)
    at u.storageHandler.import (<anonymous>:2:1893650)
    at async jC (<anonymous>:2:1900296)
[Browser Console] get data url from a base64 image (): InvalidCharacterError: Failed to execute 'atob' on 'Window': The string to be decoded is not correctly encoded.
    at _C.getDataUrlFromB64Img (<anonymous>:2:1876557)
    at <anonymous>:2:1892650
    at NodeList.forEach (<anonymous>)
    at u.storageHandler.preProcess (<anonymous>:2:1892424)
    at u.storageHandler.import (<anonymous>:2:1893650)
    at async jC (<anonymous>:2:1900296)
[Browser Console] get data url from a base64 image (): InvalidCharacterError: Failed to execute 'atob' on 'Window': The string to be decoded is not correctly encoded.
    at _C.getDataUrlFromB64Img (<anonymous>:2:1876557)
    at <anonymous>:2:1892650
    at NodeList.forEach (<anonymous>)
    at u.storageHandler.preProcess (<anonymous>:2:1892424)
    at u.storageHandler.import (<anonymous>:2:1893650)
    at async jC (<anonymous>:2:1900296)
[Browser Console] get data url from a base64 image (): InvalidCharacterError: Failed to execute 'atob' on 'Window': The string to be decoded is not correctly encoded.
    at _C.getDataUrlFromB64Img (<anonymous>:2:1876557)
    at <anonymous>:2:1892650
    at NodeList.forEach (<anonymous>)
    at u.storageHandler.preProcess (<anonymous>:2:1892424)
    at u.storageHandler.import (<anonymous>:2:1893650)
    at async jC (<anonymous>:2:1900296)
[Browser Console] get data url from a base64 image (): InvalidCharacterError: Failed to execute 'atob' on 'Window': The string to be decoded is not correctly encoded.
    at _C.getDataUrlFromB64Img (<anonymous>:2:1876557)
    at <anonymous>:2:1892650
    at NodeList.forEach (<anonymous>)
    at u.storageHandler.preProcess (<anonymous>:2:1892424)
    at u.storageHandler.import (<anonymous>:2:1893650)
    at async jC (<anonymous>:2:1900296)
[Browser Console] get data url from a base64 image (): InvalidCharacterError: Failed to execute 'atob' on 'Window': The string to be decoded is not correctly encoded.
    at _C.getDataUrlFromB64Img (<anonymous>:2:1876557)
    at <anonymous>:2:1892650
    at NodeList.forEach (<anonymous>)
    at u.storageHandler.preProcess (<anonymous>:2:1892424)
    at u.storageHandler.import (<anonymous>:2:1893650)
    at async jC (<anonymous>:2:1900296)
[Browser Console] get data url from a base64 image (): InvalidCharacterError: Failed to execute 'atob' on 'Window': The string to be decoded is not correctly encoded.
    at _C.getDataUrlFromB64Img (<anonymous>:2:1876557)
    at <anonymous>:2:1892650
    at NodeList.forEach (<anonymous>)
    at u.storageHandler.preProcess (<anonymous>:2:1892424)
    at u.storageHandler.import (<anonymous>:2:1893650)
    at async jC (<anonymous>:2:1900296)
[Browser Console] get data url from a base64 image (): InvalidCharacterError: Failed to execute 'atob' on 'Window': The string to be decoded is not correctly encoded.
    at _C.getDataUrlFromB64Img (<anonymous>:2:1876557)
    at <anonymous>:2:1892650
    at NodeList.forEach (<anonymous>)
    at u.storageHandler.preProcess (<anonymous>:2:1892424)
    at u.storageHandler.import (<anonymous>:2:1893650)
    at async jC (<anonymous>:2:1900296)
[Browser Console] get data url from a base64 image (): InvalidCharacterError: Failed to execute 'atob' on 'Window': The string to be decoded is not correctly encoded.
    at _C.getDataUrlFromB64Img (<anonymous>:2:1876557)
    at <anonymous>:2:1892650
    at NodeList.forEach (<anonymous>)
    at u.storageHandler.preProcess (<anonymous>:2:1892424)
    at u.storageHandler.import (<anonymous>:2:1893650)
    at async jC (<anonymous>:2:1900296)
[Browser Console] get data url from a base64 image (): InvalidCharacterError: Failed to execute 'atob' on 'Window': The string to be decoded is not correctly encoded.
    at _C.getDataUrlFromB64Img (<anonymous>:2:1876557)
    at <anonymous>:2:1892650
    at NodeList.forEach (<anonymous>)
    at u.storageHandler.preProcess (<anonymous>:2:1892424)
    at u.storageHandler.import (<anonymous>:2:1893650)
    at async jC (<anonymous>:2:1900296)
[Browser Console] get data url from a base64 image (): InvalidCharacterError: Failed to execute 'atob' on 'Window': The string to be decoded is not correctly encoded.
    at _C.getDataUrlFromB64Img (<anonymous>:2:1876557)
    at <anonymous>:2:1892650
    at NodeList.forEach (<anonymous>)
    at u.storageHandler.preProcess (<anonymous>:2:1892424)
    at u.storageHandler.import (<anonymous>:2:1893650)
    at async jC (<anonymous>:2:1900296)
[Browser Console] get data url from a base64 image (): InvalidCharacterError: Failed to execute 'atob' on 'Window': The string to be decoded is not correctly encoded.
    at _C.getDataUrlFromB64Img (<anonymous>:2:1876557)
    at <anonymous>:2:1892650
    at NodeList.forEach (<anonymous>)
    at u.storageHandler.preProcess (<anonymous>:2:1892424)
    at u.storageHandler.import (<anonymous>:2:1893650)
    at async jC (<anonymous>:2:1900296)
[Browser Console] get data url from a base64 image (): InvalidCharacterError: Failed to execute 'atob' on 'Window': The string to be decoded is not correctly encoded.
    at _C.getDataUrlFromB64Img (<anonymous>:2:1876557)
    at <anonymous>:2:1892650
    at NodeList.forEach (<anonymous>)
    at u.storageHandler.preProcess (<anonymous>:2:1892424)
    at u.storageHandler.import (<anonymous>:2:1893650)
    at async jC (<anonymous>:2:1900296)
[Browser Console] get data url from a base64 image (): InvalidCharacterError: Failed to execute 'atob' on 'Window': The string to be decoded is not correctly encoded.
    at _C.getDataUrlFromB64Img (<anonymous>:2:1876557)
    at <anonymous>:2:1892650
    at NodeList.forEach (<anonymous>)
    at u.storageHandler.preProcess (<anonymous>:2:1892424)
    at u.storageHandler.import (<anonymous>:2:1893650)
    at async jC (<anonymous>:2:1900296)
[Browser Console] get data url from a base64 image (): InvalidCharacterError: Failed to execute 'atob' on 'Window': The string to be decoded is not correctly encoded.
    at _C.getDataUrlFromB64Img (<anonymous>:2:1876557)
    at <anonymous>:2:1892650
    at NodeList.forEach (<anonymous>)
    at u.storageHandler.preProcess (<anonymous>:2:1892424)
    at u.storageHandler.import (<anonymous>:2:1893650)
    at async jC (<anonymous>:2:1900296)
[Browser Console] get data url from a base64 image (): InvalidCharacterError: Failed to execute 'atob' on 'Window': The string to be decoded is not correctly encoded.
    at _C.getDataUrlFromB64Img (<anonymous>:2:1876557)
    at <anonymous>:2:1892650
    at NodeList.forEach (<anonymous>)
    at u.storageHandler.preProcess (<anonymous>:2:1892424)
    at u.storageHandler.import (<anonymous>:2:1893650)
    at async jC (<anonymous>:2:1900296)
[Browser Console] get data url from a base64 image (): InvalidCharacterError: Failed to execute 'atob' on 'Window': The string to be decoded is not correctly encoded.
    at _C.getDataUrlFromB64Img (<anonymous>:2:1876557)
    at <anonymous>:2:1892650
    at NodeList.forEach (<anonymous>)
    at u.storageHandler.preProcess (<anonymous>:2:1892424)
    at u.storageHandler.import (<anonymous>:2:1893650)
    at async jC (<anonymous>:2:1900296)
[Browser Console] get data url from a base64 image (): InvalidCharacterError: Failed to execute 'atob' on 'Window': The string to be decoded is not correctly encoded.
    at _C.getDataUrlFromB64Img (<anonymous>:2:1876557)
    at <anonymous>:2:1892650
    at NodeList.forEach (<anonymous>)
    at u.storageHandler.preProcess (<anonymous>:2:1892424)
    at u.storageHandler.import (<anonymous>:2:1893650)
    at async jC (<anonymous>:2:1900296)
[Browser Console] get data url from a base64 image (): InvalidCharacterError: Failed to execute 'atob' on 'Window': The string to be decoded is not correctly encoded.
    at _C.getDataUrlFromB64Img (<anonymous>:2:1876557)
    at <anonymous>:2:1892650
    at NodeList.forEach (<anonymous>)
    at u.storageHandler.preProcess (<anonymous>:2:1892424)
    at u.storageHandler.import (<anonymous>:2:1893650)
    at async jC (<anonymous>:2:1900296)
[Browser Console] get data url from a base64 image (): InvalidCharacterError: Failed to execute 'atob' on 'Window': The string to be decoded is not correctly encoded.
    at _C.getDataUrlFromB64Img (<anonymous>:2:1876557)
    at <anonymous>:2:1892650
    at NodeList.forEach (<anonymous>)
    at u.storageHandler.preProcess (<anonymous>:2:1892424)
    at u.storageHandler.import (<anonymous>:2:1893650)
    at async jC (<anonymous>:2:1900296)
[Browser Console] get data url from a base64 image (): InvalidCharacterError: Failed to execute 'atob' on 'Window': The string to be decoded is not correctly encoded.
    at _C.getDataUrlFromB64Img (<anonymous>:2:1876557)
    at <anonymous>:2:1892650
    at NodeList.forEach (<anonymous>)
    at u.storageHandler.preProcess (<anonymous>:2:1892424)
    at u.storageHandler.import (<anonymous>:2:1893650)
    at async jC (<anonymous>:2:1900296)
[Browser Console] get data url from a base64 image (): InvalidCharacterError: Failed to execute 'atob' on 'Window': The string to be decoded is not correctly encoded.
    at _C.getDataUrlFromB64Img (<anonymous>:2:1876557)
    at <anonymous>:2:1892650
    at NodeList.forEach (<anonymous>)
    at u.storageHandler.preProcess (<anonymous>:2:1892424)
    at u.storageHandler.import (<anonymous>:2:1893650)
    at async jC (<anonymous>:2:1900296)
[Browser Console] get data url from a base64 image (): InvalidCharacterError: Failed to execute 'atob' on 'Window': The string to be decoded is not correctly encoded.
    at _C.getDataUrlFromB64Img (<anonymous>:2:1876557)
    at <anonymous>:2:1892650
    at NodeList.forEach (<anonymous>)
    at u.storageHandler.preProcess (<anonymous>:2:1892424)
    at u.storageHandler.import (<anonymous>:2:1893650)
    at async jC (<anonymous>:2:1900296)
[Browser Console] get data url from a base64 image (): InvalidCharacterError: Failed to execute 'atob' on 'Window': The string to be decoded is not correctly encoded.
    at _C.getDataUrlFromB64Img (<anonymous>:2:1876557)
    at <anonymous>:2:1892650
    at NodeList.forEach (<anonymous>)
    at u.storageHandler.preProcess (<anonymous>:2:1892424)
    at u.storageHandler.import (<anonymous>:2:1893650)
    at async jC (<anonymous>:2:1900296)
[Browser Console] get data url from a base64 image (): InvalidCharacterError: Failed to execute 'atob' on 'Window': The string to be decoded is not correctly encoded.
    at _C.getDataUrlFromB64Img (<anonymous>:2:1876557)
    at <anonymous>:2:1892650
    at NodeList.forEach (<anonymous>)
    at u.storageHandler.preProcess (<anonymous>:2:1892424)
    at u.storageHandler.import (<anonymous>:2:1893650)
    at async jC (<anonymous>:2:1900296)
[Browser Console] get data url from a base64 image (): InvalidCharacterError: Failed to execute 'atob' on 'Window': The string to be decoded is not correctly encoded.
    at _C.getDataUrlFromB64Img (<anonymous>:2:1876557)
    at <anonymous>:2:1892650
    at NodeList.forEach (<anonymous>)
    at u.storageHandler.preProcess (<anonymous>:2:1892424)
    at u.storageHandler.import (<anonymous>:2:1893650)
    at async jC (<anonymous>:2:1900296)
[Browser Console] get data url from a base64 image (): InvalidCharacterError: Failed to execute 'atob' on 'Window': The string to be decoded is not correctly encoded.
    at _C.getDataUrlFromB64Img (<anonymous>:2:1876557)
    at <anonymous>:2:1892650
    at NodeList.forEach (<anonymous>)
    at u.storageHandler.preProcess (<anonymous>:2:1892424)
    at u.storageHandler.import (<anonymous>:2:1893650)
    at async jC (<anonymous>:2:1900296)
[Browser Console] get data url from a base64 image (): InvalidCharacterError: Failed to execute 'atob' on 'Window': The string to be decoded is not correctly encoded.
    at _C.getDataUrlFromB64Img (<anonymous>:2:1876557)
    at <anonymous>:2:1892650
    at NodeList.forEach (<anonymous>)
    at u.storageHandler.preProcess (<anonymous>:2:1892424)
    at u.storageHandler.import (<anonymous>:2:1893650)
    at async jC (<anonymous>:2:1900296)
[Browser Console] get data url from a base64 image (): InvalidCharacterError: Failed to execute 'atob' on 'Window': The string to be decoded is not correctly encoded.
    at _C.getDataUrlFromB64Img (<anonymous>:2:1876557)
    at <anonymous>:2:1892650
    at NodeList.forEach (<anonymous>)
    at u.storageHandler.preProcess (<anonymous>:2:1892424)
    at u.storageHandler.import (<anonymous>:2:1893650)
    at async jC (<anonymous>:2:1900296)
[1/13] ✅ Saved content to en/about-us/careers
[2/13] Starting https://www.kotak.bank.in/en/about-us/media.html
[Browser Console] [Meta Pixel] - Invalid PixelID: null.
[Browser Console] get data url from a base64 image (): InvalidCharacterError: Failed to execute 'atob' on 'Window': The string to be decoded is not correctly encoded.
    at _C.getDataUrlFromB64Img (<anonymous>:2:1876557)
    at <anonymous>:2:1892650
    at NodeList.forEach (<anonymous>)
    at u.storageHandler.preProcess (<anonymous>:2:1892424)
    at u.storageHandler.import (<anonymous>:2:1893650)
    at async jC (<anonymous>:2:1900296)
[Browser Console] get data url from a base64 image (): InvalidCharacterError: Failed to execute 'atob' on 'Window': The string to be decoded is not correctly encoded.
    at _C.getDataUrlFromB64Img (<anonymous>:2:1876557)
    at <anonymous>:2:1892650
    at NodeList.forEach (<anonymous>)
    at u.storageHandler.preProcess (<anonymous>:2:1892424)
    at u.storageHandler.import (<anonymous>:2:1893650)
    at async jC (<anonymous>:2:1900296)
[Browser Console] get data url from a base64 image (): InvalidCharacterError: Failed to execute 'atob' on 'Window': The string to be decoded is not correctly encoded.
    at _C.getDataUrlFromB64Img (<anonymous>:2:1876557)
    at <anonymous>:2:1892650
    at NodeList.forEach (<anonymous>)
    at u.storageHandler.preProcess (<anonymous>:2:1892424)
    at u.storageHandler.import (<anonymous>:2:1893650)
    at async jC (<anonymous>:2:1900296)
[Browser Console] get data url from a base64 image (): InvalidCharacterError: Failed to execute 'atob' on 'Window': The string to be decoded is not correctly encoded.
    at _C.getDataUrlFromB64Img (<anonymous>:2:1876557)
    at <anonymous>:2:1892650
    at NodeList.forEach (<anonymous>)
    at u.storageHandler.preProcess (<anonymous>:2:1892424)
    at u.storageHandler.import (<anonymous>:2:1893650)
    at async jC (<anonymous>:2:1900296)
[Browser Console] get data url from a base64 image (): InvalidCharacterError: Failed to execute 'atob' on 'Window': The string to be decoded is not correctly encoded.
    at _C.getDataUrlFromB64Img (<anonymous>:2:1876557)
    at <anonymous>:2:1892650
    at NodeList.forEach (<anonymous>)
    at u.storageHandler.preProcess (<anonymous>:2:1892424)
    at u.storageHandler.import (<anonymous>:2:1893650)
    at async jC (<anonymous>:2:1900296)
[Browser Console] get data url from a base64 image (): InvalidCharacterError: Failed to execute 'atob' on 'Window': The string to be decoded is not correctly encoded.
    at _C.getDataUrlFromB64Img (<anonymous>:2:1876557)
    at <anonymous>:2:1892650
    at NodeList.forEach (<anonymous>)
    at u.storageHandler.preProcess (<anonymous>:2:1892424)
    at u.storageHandler.import (<anonymous>:2:1893650)
    at async jC (<anonymous>:2:1900296)
[Browser Console] get data url from a base64 image (): InvalidCharacterError: Failed to execute 'atob' on 'Window': The string to be decoded is not correctly encoded.
    at _C.getDataUrlFromB64Img (<anonymous>:2:1876557)
    at <anonymous>:2:1892650
    at NodeList.forEach (<anonymous>)
    at u.storageHandler.preProcess (<anonymous>:2:1892424)
    at u.storageHandler.import (<anonymous>:2:1893650)
    at async jC (<anonymous>:2:1900296)
[Browser Console] get data url from a base64 image (): InvalidCharacterError: Failed to execute 'atob' on 'Window': The string to be decoded is not correctly encoded.
    at _C.getDataUrlFromB64Img (<anonymous>:2:1876557)
    at <anonymous>:2:1892650
    at NodeList.forEach (<anonymous>)
    at u.storageHandler.preProcess (<anonymous>:2:1892424)
    at u.storageHandler.import (<anonymous>:2:1893650)
    at async jC (<anonymous>:2:1900296)
[Browser Console] get data url from a base64 image (): InvalidCharacterError: Failed to execute 'atob' on 'Window': The string to be decoded is not correctly encoded.
    at _C.getDataUrlFromB64Img (<anonymous>:2:1876557)
    at <anonymous>:2:1892650
    at NodeList.forEach (<anonymous>)
    at u.storageHandler.preProcess (<anonymous>:2:1892424)
    at u.storageHandler.import (<anonymous>:2:1893650)
    at async jC (<anonymous>:2:1900296)
[Browser Console] get data url from a base64 image (): InvalidCharacterError: Failed to execute 'atob' on 'Window': The string to be decoded is not correctly encoded.
    at _C.getDataUrlFromB64Img (<anonymous>:2:1876557)
    at <anonymous>:2:1892650
    at NodeList.forEach (<anonymous>)
    at u.storageHandler.preProcess (<anonymous>:2:1892424)
    at u.storageHandler.import (<anonymous>:2:1893650)
    at async jC (<anonymous>:2:1900296)
[2/13] ✅ Saved content to en/about-us/media
[3/13] Starting https://www.kotak.bank.in/en/business/working-capital.html
[Browser Console] [Meta Pixel] - Invalid PixelID: null.
[Browser Console] get data url from a base64 image (): InvalidCharacterError: Failed to execute 'atob' on 'Window': The string to be decoded is not correctly encoded.
    at _C.getDataUrlFromB64Img (<anonymous>:2:1876557)
    at <anonymous>:2:1892650
    at NodeList.forEach (<anonymous>)
    at u.storageHandler.preProcess (<anonymous>:2:1892424)
    at u.storageHandler.import (<anonymous>:2:1893650)
    at async jC (<anonymous>:2:1900296)
[Browser Console] get data url from a base64 image (): InvalidCharacterError: Failed to execute 'atob' on 'Window': The string to be decoded is not correctly encoded.
    at _C.getDataUrlFromB64Img (<anonymous>:2:1876557)
    at <anonymous>:2:1892650
    at NodeList.forEach (<anonymous>)
    at u.storageHandler.preProcess (<anonymous>:2:1892424)
    at u.storageHandler.import (<anonymous>:2:1893650)
    at async jC (<anonymous>:2:1900296)
[Browser Console] get data url from a base64 image (): InvalidCharacterError: Failed to execute 'atob' on 'Window': The string to be decoded is not correctly encoded.
    at _C.getDataUrlFromB64Img (<anonymous>:2:1876557)
    at <anonymous>:2:1892650
    at NodeList.forEach (<anonymous>)
    at u.storageHandler.preProcess (<anonymous>:2:1892424)
    at u.storageHandler.import (<anonymous>:2:1893650)
    at async jC (<anonymous>:2:1900296)
[Browser Console] get data url from a base64 image (): InvalidCharacterError: Failed to execute 'atob' on 'Window': The string to be decoded is not correctly encoded.
    at _C.getDataUrlFromB64Img (<anonymous>:2:1876557)
    at <anonymous>:2:1892650
    at NodeList.forEach (<anonymous>)
    at u.storageHandler.preProcess (<anonymous>:2:1892424)
    at u.storageHandler.import (<anonymous>:2:1893650)
    at async jC (<anonymous>:2:1900296)
[Browser Console] get data url from a base64 image (): InvalidCharacterError: Failed to execute 'atob' on 'Window': The string to be decoded is not correctly encoded.
    at _C.getDataUrlFromB64Img (<anonymous>:2:1876557)
    at <anonymous>:2:1892650
    at NodeList.forEach (<anonymous>)
    at u.storageHandler.preProcess (<anonymous>:2:1892424)
    at u.storageHandler.import (<anonymous>:2:1893650)
    at async jC (<anonymous>:2:1900296)
[Browser Console] get data url from a base64 image (): InvalidCharacterError: Failed to execute 'atob' on 'Window': The string to be decoded is not correctly encoded.
    at _C.getDataUrlFromB64Img (<anonymous>:2:1876557)
    at <anonymous>:2:1892650
    at NodeList.forEach (<anonymous>)
    at u.storageHandler.preProcess (<anonymous>:2:1892424)
    at u.storageHandler.import (<anonymous>:2:1893650)
    at async jC (<anonymous>:2:1900296)
[Browser Console] get data url from a base64 image (): InvalidCharacterError: Failed to execute 'atob' on 'Window': The string to be decoded is not correctly encoded.
    at _C.getDataUrlFromB64Img (<anonymous>:2:1876557)
    at <anonymous>:2:1892650
    at NodeList.forEach (<anonymous>)
    at u.storageHandler.preProcess (<anonymous>:2:1892424)
    at u.storageHandler.import (<anonymous>:2:1893650)
    at async jC (<anonymous>:2:1900296)
[Browser Console] get data url from a base64 image (): InvalidCharacterError: Failed to execute 'atob' on 'Window': The string to be decoded is not correctly encoded.
    at _C.getDataUrlFromB64Img (<anonymous>:2:1876557)
    at <anonymous>:2:1892650
    at NodeList.forEach (<anonymous>)
    at u.storageHandler.preProcess (<anonymous>:2:1892424)
    at u.storageHandler.import (<anonymous>:2:1893650)
    at async jC (<anonymous>:2:1900296)
[Browser Console] get data url from a base64 image (): InvalidCharacterError: Failed to execute 'atob' on 'Window': The string to be decoded is not correctly encoded.
    at _C.getDataUrlFromB64Img (<anonymous>:2:1876557)
    at <anonymous>:2:1892650
    at NodeList.forEach (<anonymous>)
    at u.storageHandler.preProcess (<anonymous>:2:1892424)
    at u.storageHandler.import (<anonymous>:2:1893650)
    at async jC (<anonymous>:2:1900296)
[Browser Console] get data url from a base64 image (): InvalidCharacterError: Failed to execute 'atob' on 'Window': The string to be decoded is not correctly encoded.
    at _C.getDataUrlFromB64Img (<anonymous>:2:1876557)
    at <anonymous>:2:1892650
    at NodeList.forEach (<anonymous>)
    at u.storageHandler.preProcess (<anonymous>:2:1892424)
    at u.storageHandler.import (<anonymous>:2:1893650)
    at async jC (<anonymous>:2:1900296)
[Browser Console] get data url from a base64 image (): InvalidCharacterError: Failed to execute 'atob' on 'Window': The string to be decoded is not correctly encoded.
    at _C.getDataUrlFromB64Img (<anonymous>:2:1876557)
    at <anonymous>:2:1892650
    at NodeList.forEach (<anonymous>)
    at u.storageHandler.preProcess (<anonymous>:2:1892424)
    at u.storageHandler.import (<anonymous>:2:1893650)
    at async jC (<anonymous>:2:1900296)
[Browser Console] get data url from a base64 image (): InvalidCharacterError: Failed to execute 'atob' on 'Window': The string to be decoded is not correctly encoded.
    at _C.getDataUrlFromB64Img (<anonymous>:2:1876557)
    at <anonymous>:2:1892650
    at NodeList.forEach (<anonymous>)
    at u.storageHandler.preProcess (<anonymous>:2:1892424)
    at u.storageHandler.import (<anonymous>:2:1893650)
    at async jC (<anonymous>:2:1900296)
[Browser Console] get data url from a base64 image (): InvalidCharacterError: Failed to execute 'atob' on 'Window': The string to be decoded is not correctly encoded.
    at _C.getDataUrlFromB64Img (<anonymous>:2:1876557)
    at <anonymous>:2:1892650
    at NodeList.forEach (<anonymous>)
    at u.storageHandler.preProcess (<anonymous>:2:1892424)
    at u.storageHandler.import (<anonymous>:2:1893650)
    at async jC (<anonymous>:2:1900296)
[Browser Console] Unable to adjust image URL https://www.kotak.bank.in/content/dam/Kotak/Customer-Service/Frames-Production.jpg - removing image
[Browser Console] Unable to adjust image URL https://www.kotak.bank.in/content/dam/Kotak/Customer-Service/Mihika-EIPL.jpg - removing image
[Browser Console] Unable to adjust image URL https://www.kotak.bank.in/content/dam/Kotak/Customer-Service/walko.jpg - removing image
[3/13] ✅ Saved content to en/business/working-capital
[4/13] Starting https://www.kotak.bank.in/en/corporate/cash-management-services/digital-collections/bbps.html
[Browser Console] Failed to load resource: the server responded with a status of 404 ()
[Browser Console] [Meta Pixel] - Invalid PixelID: null.
[Browser Console] get data url from a base64 image (): InvalidCharacterError: Failed to execute 'atob' on 'Window': The string to be decoded is not correctly encoded.
    at _C.getDataUrlFromB64Img (<anonymous>:2:1876557)
    at <anonymous>:2:1892650
    at NodeList.forEach (<anonymous>)
    at u.storageHandler.preProcess (<anonymous>:2:1892424)
    at u.storageHandler.import (<anonymous>:2:1893650)
    at async jC (<anonymous>:2:1900296)
[Browser Console] get data url from a base64 image (): InvalidCharacterError: Failed to execute 'atob' on 'Window': The string to be decoded is not correctly encoded.
    at _C.getDataUrlFromB64Img (<anonymous>:2:1876557)
    at <anonymous>:2:1892650
    at NodeList.forEach (<anonymous>)
    at u.storageHandler.preProcess (<anonymous>:2:1892424)
    at u.storageHandler.import (<anonymous>:2:1893650)
    at async jC (<anonymous>:2:1900296)
[Browser Console] get data url from a base64 image (): InvalidCharacterError: Failed to execute 'atob' on 'Window': The string to be decoded is not correctly encoded.
    at _C.getDataUrlFromB64Img (<anonymous>:2:1876557)
    at <anonymous>:2:1892650
    at NodeList.forEach (<anonymous>)
    at u.storageHandler.preProcess (<anonymous>:2:1892424)
    at u.storageHandler.import (<anonymous>:2:1893650)
    at async jC (<anonymous>:2:1900296)
[Browser Console] get data url from a base64 image (): InvalidCharacterError: Failed to execute 'atob' on 'Window': The string to be decoded is not correctly encoded.
    at _C.getDataUrlFromB64Img (<anonymous>:2:1876557)
    at <anonymous>:2:1892650
    at NodeList.forEach (<anonymous>)
    at u.storageHandler.preProcess (<anonymous>:2:1892424)
    at u.storageHandler.import (<anonymous>:2:1893650)
    at async jC (<anonymous>:2:1900296)
[Browser Console] get data url from a base64 image (): InvalidCharacterError: Failed to execute 'atob' on 'Window': The string to be decoded is not correctly encoded.
    at _C.getDataUrlFromB64Img (<anonymous>:2:1876557)
    at <anonymous>:2:1892650
    at NodeList.forEach (<anonymous>)
    at u.storageHandler.preProcess (<anonymous>:2:1892424)
    at u.storageHandler.import (<anonymous>:2:1893650)
    at async jC (<anonymous>:2:1900296)
[Browser Console] get data url from a base64 image (): InvalidCharacterError: Failed to execute 'atob' on 'Window': The string to be decoded is not correctly encoded.
    at _C.getDataUrlFromB64Img (<anonymous>:2:1876557)
    at <anonymous>:2:1892650
    at NodeList.forEach (<anonymous>)
    at u.storageHandler.preProcess (<anonymous>:2:1892424)
    at u.storageHandler.import (<anonymous>:2:1893650)
    at async jC (<anonymous>:2:1900296)
[Browser Console] get data url from a base64 image (): InvalidCharacterError: Failed to execute 'atob' on 'Window': The string to be decoded is not correctly encoded.
    at _C.getDataUrlFromB64Img (<anonymous>:2:1876557)
    at <anonymous>:2:1892650
    at NodeList.forEach (<anonymous>)
    at u.storageHandler.preProcess (<anonymous>:2:1892424)
    at u.storageHandler.import (<anonymous>:2:1893650)
    at async jC (<anonymous>:2:1900296)
[Browser Console] get data url from a base64 image (): InvalidCharacterError: Failed to execute 'atob' on 'Window': The string to be decoded is not correctly encoded.
    at _C.getDataUrlFromB64Img (<anonymous>:2:1876557)
    at <anonymous>:2:1892650
    at NodeList.forEach (<anonymous>)
    at u.storageHandler.preProcess (<anonymous>:2:1892424)
    at u.storageHandler.import (<anonymous>:2:1893650)
    at async jC (<anonymous>:2:1900296)
[Browser Console] get data url from a base64 image (): InvalidCharacterError: Failed to execute 'atob' on 'Window': The string to be decoded is not correctly encoded.
    at _C.getDataUrlFromB64Img (<anonymous>:2:1876557)
    at <anonymous>:2:1892650
    at NodeList.forEach (<anonymous>)
    at u.storageHandler.preProcess (<anonymous>:2:1892424)
    at u.storageHandler.import (<anonymous>:2:1893650)
    at async jC (<anonymous>:2:1900296)
[Browser Console] get data url from a base64 image (): InvalidCharacterError: Failed to execute 'atob' on 'Window': The string to be decoded is not correctly encoded.
    at _C.getDataUrlFromB64Img (<anonymous>:2:1876557)
    at <anonymous>:2:1892650
    at NodeList.forEach (<anonymous>)
    at u.storageHandler.preProcess (<anonymous>:2:1892424)
    at u.storageHandler.import (<anonymous>:2:1893650)
    at async jC (<anonymous>:2:1900296)
[4/13] ✅ Saved content to en/corporate/cash-management-services/digital-collections/bbps
[Browser Console] Failed to load resource: the server responded with a status of 404 ()
[5/13] Starting https://www.kotak.bank.in/en/digital-banking/insta-services/send-money-abroad.html
[Browser Console] lemnisk service worker loaded
[Browser Console] [Meta Pixel] - Invalid PixelID: null.
[Browser Console] Access to fetch at 'https://mu-pl.lemnisk.co/analyze/error?message=Failed%20to%20register%20a%20ServiceWorker%20for%20scope%20(%27https%3A%2F%2Fwww.kotak.bank.in%2Fetc%2Fdesigns%2Fkotak%2Fclientlibs%2F%27)%20with%20script%20(%27https%3A%2F%2Fwww.kotak.bank.in%2Fetc%2Fdesigns%2Fkotak%2Fclientlibs%2FlemniskSDKWorker.js%27)%3A%20ServiceWorker%20script%20evaluation%20failed&advid=VIZVRM6088&version=1' from origin 'https://www.kotak.bank.in' has been blocked by CORS policy: No 'Access-Control-Allow-Origin' header is present on the requested resource.
[Browser Console] Failed to load resource: net::ERR_FAILED
[Browser Console] Access to XMLHttpRequest at 'https://mu-ax-n.lemnisk.co/GetContent?vizid=viz_6a350737aafde&force_adv_id=VIZVRM6088&url=https%3A%2F%2Fwww.kotak.bank.in%2Fen%2Fdigital-banking%2Finsta-services%2Fsend-money-abroad.html&analyze_params=%7B%22originalTimestamp%22%3A%222026-06-19T09%3A09%3A11.000Z%22%2C%22event_type%22%3A%22page%22%2C%22p_category%22%3A%22Send%20Money%20Abroad%22%2C%22p_path%22%3A%22%2Fen%2Fdigital-banking%2Finsta-services%2Fsend-money-abroad.html%22%2C%22p_referrer%22%3A%22%22%2C%22p_search%22%3A%22%22%2C%22p_title%22%3A%22Send%20Money%20Abroad%22%2C%22p_url%22%3A%22https%3A%2F%2Fwww.kotak.bank.in%2Fen%2Fdigital-banking%2Finsta-services%2Fsend-money-abroad.html%22%2C%22URL%22%3A%22https%3A%2F%2Fwww.kotak.bank.in%2Fen%2Fdigital-banking%2Finsta-services%2Fsend-money-abroad.html%22%2C%22referrer%22%3A%22%22%2C%22ts%22%3A%22%22%2C%22singleTagVersion%22%3A%220.01v%22%2C%22param%22%3A%22e300%22%2C%22section%22%3A1%2C%22level%22%3A1%2C%22library_version%22%3A%220.01v%22%2C%22library_name%22%3A%22smarttag%22%2C%22messageId%22%3A%22ce56f3d0-ba91-4686-8661-d3b1c689294b%22%2C%22writeKey%22%3A%22ENGNAAN6vfSsf6dE%22%2C%22ftu%22%3A1%2C%22deviceType%22%3A%22Desktop%22%7D&ftu=1' from origin 'https://www.kotak.bank.in' has been blocked by CORS policy: No 'Access-Control-Allow-Origin' header is present on the requested resource.
[Browser Console] Failed to load resource: net::ERR_FAILED
[Browser Console] get data url from a base64 image (): InvalidCharacterError: Failed to execute 'atob' on 'Window': The string to be decoded is not correctly encoded.
    at _C.getDataUrlFromB64Img (<anonymous>:2:1876557)
    at <anonymous>:2:1892650
    at NodeList.forEach (<anonymous>)
    at u.storageHandler.preProcess (<anonymous>:2:1892424)
    at u.storageHandler.import (<anonymous>:2:1893650)
    at async jC (<anonymous>:2:1900296)
[Browser Console] get data url from a base64 image (): InvalidCharacterError: Failed to execute 'atob' on 'Window': The string to be decoded is not correctly encoded.
    at _C.getDataUrlFromB64Img (<anonymous>:2:1876557)
    at <anonymous>:2:1892650
    at NodeList.forEach (<anonymous>)
    at u.storageHandler.preProcess (<anonymous>:2:1892424)
    at u.storageHandler.import (<anonymous>:2:1893650)
    at async jC (<anonymous>:2:1900296)
[Browser Console] get data url from a base64 image (): InvalidCharacterError: Failed to execute 'atob' on 'Window': The string to be decoded is not correctly encoded.
    at _C.getDataUrlFromB64Img (<anonymous>:2:1876557)
    at <anonymous>:2:1892650
    at NodeList.forEach (<anonymous>)
    at u.storageHandler.preProcess (<anonymous>:2:1892424)
    at u.storageHandler.import (<anonymous>:2:1893650)
    at async jC (<anonymous>:2:1900296)
[Browser Console] get data url from a base64 image (): InvalidCharacterError: Failed to execute 'atob' on 'Window': The string to be decoded is not correctly encoded.
    at _C.getDataUrlFromB64Img (<anonymous>:2:1876557)
    at <anonymous>:2:1892650
    at NodeList.forEach (<anonymous>)
    at u.storageHandler.preProcess (<anonymous>:2:1892424)
    at u.storageHandler.import (<anonymous>:2:1893650)
    at async jC (<anonymous>:2:1900296)
[Browser Console] get data url from a base64 image (): InvalidCharacterError: Failed to execute 'atob' on 'Window': The string to be decoded is not correctly encoded.
    at _C.getDataUrlFromB64Img (<anonymous>:2:1876557)
    at <anonymous>:2:1892650
    at NodeList.forEach (<anonymous>)
    at u.storageHandler.preProcess (<anonymous>:2:1892424)
    at u.storageHandler.import (<anonymous>:2:1893650)
    at async jC (<anonymous>:2:1900296)
[Browser Console] get data url from a base64 image (): InvalidCharacterError: Failed to execute 'atob' on 'Window': The string to be decoded is not correctly encoded.
    at _C.getDataUrlFromB64Img (<anonymous>:2:1876557)
    at <anonymous>:2:1892650
    at NodeList.forEach (<anonymous>)
    at u.storageHandler.preProcess (<anonymous>:2:1892424)
    at u.storageHandler.import (<anonymous>:2:1893650)
    at async jC (<anonymous>:2:1900296)
[Browser Console] get data url from a base64 image (): InvalidCharacterError: Failed to execute 'atob' on 'Window': The string to be decoded is not correctly encoded.
    at _C.getDataUrlFromB64Img (<anonymous>:2:1876557)
    at <anonymous>:2:1892650
    at NodeList.forEach (<anonymous>)
    at u.storageHandler.preProcess (<anonymous>:2:1892424)
    at u.storageHandler.import (<anonymous>:2:1893650)
    at async jC (<anonymous>:2:1900296)
[Browser Console] get data url from a base64 image (): InvalidCharacterError: Failed to execute 'atob' on 'Window': The string to be decoded is not correctly encoded.
    at _C.getDataUrlFromB64Img (<anonymous>:2:1876557)
    at <anonymous>:2:1892650
    at NodeList.forEach (<anonymous>)
    at u.storageHandler.preProcess (<anonymous>:2:1892424)
    at u.storageHandler.import (<anonymous>:2:1893650)
    at async jC (<anonymous>:2:1900296)
[Browser Console] get data url from a base64 image (): InvalidCharacterError: Failed to execute 'atob' on 'Window': The string to be decoded is not correctly encoded.
    at _C.getDataUrlFromB64Img (<anonymous>:2:1876557)
    at <anonymous>:2:1892650
    at NodeList.forEach (<anonymous>)
    at u.storageHandler.preProcess (<anonymous>:2:1892424)
    at u.storageHandler.import (<anonymous>:2:1893650)
    at async jC (<anonymous>:2:1900296)
[Browser Console] get data url from a base64 image (): InvalidCharacterError: Failed to execute 'atob' on 'Window': The string to be decoded is not correctly encoded.
    at _C.getDataUrlFromB64Img (<anonymous>:2:1876557)
    at <anonymous>:2:1892650
    at NodeList.forEach (<anonymous>)
    at u.storageHandler.preProcess (<anonymous>:2:1892424)
    at u.storageHandler.import (<anonymous>:2:1893650)
    at async jC (<anonymous>:2:1900296)
[Browser Console] get data url from a base64 image (): InvalidCharacterError: Failed to execute 'atob' on 'Window': The string to be decoded is not correctly encoded.
    at _C.getDataUrlFromB64Img (<anonymous>:2:1876557)
    at <anonymous>:2:1892650
    at NodeList.forEach (<anonymous>)
    at u.storageHandler.preProcess (<anonymous>:2:1892424)
    at u.storageHandler.import (<anonymous>:2:1893650)
    at async jC (<anonymous>:2:1900296)
[5/13] ✅ Saved content to en/digital-banking/insta-services/send-money-abroad
[6/13] Starting https://www.kotak.bank.in/en/digital-banking/ways-to-bank/bhim-upi.html
[Browser Console] [Meta Pixel] - Invalid PixelID: null.
[Browser Console] get data url from a base64 image (): InvalidCharacterError: Failed to execute 'atob' on 'Window': The string to be decoded is not correctly encoded.
    at _C.getDataUrlFromB64Img (<anonymous>:2:1876557)
    at <anonymous>:2:1892650
    at NodeList.forEach (<anonymous>)
    at u.storageHandler.preProcess (<anonymous>:2:1892424)
    at u.storageHandler.import (<anonymous>:2:1893650)
    at async jC (<anonymous>:2:1900296)
[Browser Console] get data url from a base64 image (): InvalidCharacterError: Failed to execute 'atob' on 'Window': The string to be decoded is not correctly encoded.
    at _C.getDataUrlFromB64Img (<anonymous>:2:1876557)
    at <anonymous>:2:1892650
    at NodeList.forEach (<anonymous>)
    at u.storageHandler.preProcess (<anonymous>:2:1892424)
    at u.storageHandler.import (<anonymous>:2:1893650)
    at async jC (<anonymous>:2:1900296)
[Browser Console] get data url from a base64 image (): InvalidCharacterError: Failed to execute 'atob' on 'Window': The string to be decoded is not correctly encoded.
    at _C.getDataUrlFromB64Img (<anonymous>:2:1876557)
    at <anonymous>:2:1892650
    at NodeList.forEach (<anonymous>)
    at u.storageHandler.preProcess (<anonymous>:2:1892424)
    at u.storageHandler.import (<anonymous>:2:1893650)
    at async jC (<anonymous>:2:1900296)
[Browser Console] get data url from a base64 image (): InvalidCharacterError: Failed to execute 'atob' on 'Window': The string to be decoded is not correctly encoded.
    at _C.getDataUrlFromB64Img (<anonymous>:2:1876557)
    at <anonymous>:2:1892650
    at NodeList.forEach (<anonymous>)
    at u.storageHandler.preProcess (<anonymous>:2:1892424)
    at u.storageHandler.import (<anonymous>:2:1893650)
    at async jC (<anonymous>:2:1900296)
[Browser Console] get data url from a base64 image (): InvalidCharacterError: Failed to execute 'atob' on 'Window': The string to be decoded is not correctly encoded.
    at _C.getDataUrlFromB64Img (<anonymous>:2:1876557)
    at <anonymous>:2:1892650
    at NodeList.forEach (<anonymous>)
    at u.storageHandler.preProcess (<anonymous>:2:1892424)
    at u.storageHandler.import (<anonymous>:2:1893650)
    at async jC (<anonymous>:2:1900296)
[Browser Console] get data url from a base64 image (): InvalidCharacterError: Failed to execute 'atob' on 'Window': The string to be decoded is not correctly encoded.
    at _C.getDataUrlFromB64Img (<anonymous>:2:1876557)
    at <anonymous>:2:1892650
    at NodeList.forEach (<anonymous>)
    at u.storageHandler.preProcess (<anonymous>:2:1892424)
    at u.storageHandler.import (<anonymous>:2:1893650)
    at async jC (<anonymous>:2:1900296)
[Browser Console] get data url from a base64 image (): InvalidCharacterError: Failed to execute 'atob' on 'Window': The string to be decoded is not correctly encoded.
    at _C.getDataUrlFromB64Img (<anonymous>:2:1876557)
    at <anonymous>:2:1892650
    at NodeList.forEach (<anonymous>)
    at u.storageHandler.preProcess (<anonymous>:2:1892424)
    at u.storageHandler.import (<anonymous>:2:1893650)
    at async jC (<anonymous>:2:1900296)
[Browser Console] get data url from a base64 image (): InvalidCharacterError: Failed to execute 'atob' on 'Window': The string to be decoded is not correctly encoded.
    at _C.getDataUrlFromB64Img (<anonymous>:2:1876557)
    at <anonymous>:2:1892650
    at NodeList.forEach (<anonymous>)
    at u.storageHandler.preProcess (<anonymous>:2:1892424)
    at u.storageHandler.import (<anonymous>:2:1893650)
    at async jC (<anonymous>:2:1900296)
[Browser Console] get data url from a base64 image (): InvalidCharacterError: Failed to execute 'atob' on 'Window': The string to be decoded is not correctly encoded.
    at _C.getDataUrlFromB64Img (<anonymous>:2:1876557)
    at <anonymous>:2:1892650
    at NodeList.forEach (<anonymous>)
    at u.storageHandler.preProcess (<anonymous>:2:1892424)
    at u.storageHandler.import (<anonymous>:2:1893650)
    at async jC (<anonymous>:2:1900296)
[Browser Console] get data url from a base64 image (): InvalidCharacterError: Failed to execute 'atob' on 'Window': The string to be decoded is not correctly encoded.
    at _C.getDataUrlFromB64Img (<anonymous>:2:1876557)
    at <anonymous>:2:1892650
    at NodeList.forEach (<anonymous>)
    at u.storageHandler.preProcess (<anonymous>:2:1892424)
    at u.storageHandler.import (<anonymous>:2:1893650)
    at async jC (<anonymous>:2:1900296)
[Browser Console] get data url from a base64 image (): InvalidCharacterError: Failed to execute 'atob' on 'Window': The string to be decoded is not correctly encoded.
    at _C.getDataUrlFromB64Img (<anonymous>:2:1876557)
    at <anonymous>:2:1892650
    at NodeList.forEach (<anonymous>)
    at u.storageHandler.preProcess (<anonymous>:2:1892424)
    at u.storageHandler.import (<anonymous>:2:1893650)
    at async jC (<anonymous>:2:1900296)
[6/13] ✅ Saved content to en/digital-banking/ways-to-bank/bhim-upi
[7/13] Starting https://www.kotak.bank.in/en/digital-banking/ways-to-bank/mobile-banking.html
[Browser Console] [Meta Pixel] - Invalid PixelID: null.
[Browser Console] get data url from a base64 image (): InvalidCharacterError: Failed to execute 'atob' on 'Window': The string to be decoded is not correctly encoded.
    at _C.getDataUrlFromB64Img (<anonymous>:2:1876557)
    at <anonymous>:2:1892650
    at NodeList.forEach (<anonymous>)
    at u.storageHandler.preProcess (<anonymous>:2:1892424)
    at u.storageHandler.import (<anonymous>:2:1893650)
    at async jC (<anonymous>:2:1900296)
[Browser Console] get data url from a base64 image (): InvalidCharacterError: Failed to execute 'atob' on 'Window': The string to be decoded is not correctly encoded.
    at _C.getDataUrlFromB64Img (<anonymous>:2:1876557)
    at <anonymous>:2:1892650
    at NodeList.forEach (<anonymous>)
    at u.storageHandler.preProcess (<anonymous>:2:1892424)
    at u.storageHandler.import (<anonymous>:2:1893650)
    at async jC (<anonymous>:2:1900296)
[Browser Console] get data url from a base64 image (): InvalidCharacterError: Failed to execute 'atob' on 'Window': The string to be decoded is not correctly encoded.
    at _C.getDataUrlFromB64Img (<anonymous>:2:1876557)
    at <anonymous>:2:1892650
    at NodeList.forEach (<anonymous>)
    at u.storageHandler.preProcess (<anonymous>:2:1892424)
    at u.storageHandler.import (<anonymous>:2:1893650)
    at async jC (<anonymous>:2:1900296)
[Browser Console] get data url from a base64 image (): InvalidCharacterError: Failed to execute 'atob' on 'Window': The string to be decoded is not correctly encoded.
    at _C.getDataUrlFromB64Img (<anonymous>:2:1876557)
    at <anonymous>:2:1892650
    at NodeList.forEach (<anonymous>)
    at u.storageHandler.preProcess (<anonymous>:2:1892424)
    at u.storageHandler.import (<anonymous>:2:1893650)
    at async jC (<anonymous>:2:1900296)
[Browser Console] get data url from a base64 image (): InvalidCharacterError: Failed to execute 'atob' on 'Window': The string to be decoded is not correctly encoded.
    at _C.getDataUrlFromB64Img (<anonymous>:2:1876557)
    at <anonymous>:2:1892650
    at NodeList.forEach (<anonymous>)
    at u.storageHandler.preProcess (<anonymous>:2:1892424)
    at u.storageHandler.import (<anonymous>:2:1893650)
    at async jC (<anonymous>:2:1900296)
[Browser Console] get data url from a base64 image (): InvalidCharacterError: Failed to execute 'atob' on 'Window': The string to be decoded is not correctly encoded.
    at _C.getDataUrlFromB64Img (<anonymous>:2:1876557)
    at <anonymous>:2:1892650
    at NodeList.forEach (<anonymous>)
    at u.storageHandler.preProcess (<anonymous>:2:1892424)
    at u.storageHandler.import (<anonymous>:2:1893650)
    at async jC (<anonymous>:2:1900296)
[Browser Console] get data url from a base64 image (): InvalidCharacterError: Failed to execute 'atob' on 'Window': The string to be decoded is not correctly encoded.
    at _C.getDataUrlFromB64Img (<anonymous>:2:1876557)
    at <anonymous>:2:1892650
    at NodeList.forEach (<anonymous>)
    at u.storageHandler.preProcess (<anonymous>:2:1892424)
    at u.storageHandler.import (<anonymous>:2:1893650)
    at async jC (<anonymous>:2:1900296)
[Browser Console] get data url from a base64 image (): InvalidCharacterError: Failed to execute 'atob' on 'Window': The string to be decoded is not correctly encoded.
    at _C.getDataUrlFromB64Img (<anonymous>:2:1876557)
    at <anonymous>:2:1892650
    at NodeList.forEach (<anonymous>)
    at u.storageHandler.preProcess (<anonymous>:2:1892424)
    at u.storageHandler.import (<anonymous>:2:1893650)
    at async jC (<anonymous>:2:1900296)
[Browser Console] get data url from a base64 image (): InvalidCharacterError: Failed to execute 'atob' on 'Window': The string to be decoded is not correctly encoded.
    at _C.getDataUrlFromB64Img (<anonymous>:2:1876557)
    at <anonymous>:2:1892650
    at NodeList.forEach (<anonymous>)
    at u.storageHandler.preProcess (<anonymous>:2:1892424)
    at u.storageHandler.import (<anonymous>:2:1893650)
    at async jC (<anonymous>:2:1900296)
[Browser Console] get data url from a base64 image (): InvalidCharacterError: Failed to execute 'atob' on 'Window': The string to be decoded is not correctly encoded.
    at _C.getDataUrlFromB64Img (<anonymous>:2:1876557)
    at <anonymous>:2:1892650
    at NodeList.forEach (<anonymous>)
    at u.storageHandler.preProcess (<anonymous>:2:1892424)
    at u.storageHandler.import (<anonymous>:2:1893650)
    at async jC (<anonymous>:2:1900296)
[Browser Console] get data url from a base64 image (): InvalidCharacterError: Failed to execute 'atob' on 'Window': The string to be decoded is not correctly encoded.
    at _C.getDataUrlFromB64Img (<anonymous>:2:1876557)
    at <anonymous>:2:1892650
    at NodeList.forEach (<anonymous>)
    at u.storageHandler.preProcess (<anonymous>:2:1892424)
    at u.storageHandler.import (<anonymous>:2:1893650)
    at async jC (<anonymous>:2:1900296)
[Browser Console] get data url from a base64 image (): InvalidCharacterError: Failed to execute 'atob' on 'Window': The string to be decoded is not correctly encoded.
    at _C.getDataUrlFromB64Img (<anonymous>:2:1876557)
    at <anonymous>:2:1892650
    at NodeList.forEach (<anonymous>)
    at u.storageHandler.preProcess (<anonymous>:2:1892424)
    at u.storageHandler.import (<anonymous>:2:1893650)
    at async jC (<anonymous>:2:1900296)
[Browser Console] get data url from a base64 image (): InvalidCharacterError: Failed to execute 'atob' on 'Window': The string to be decoded is not correctly encoded.
    at _C.getDataUrlFromB64Img (<anonymous>:2:1876557)
    at <anonymous>:2:1892650
    at NodeList.forEach (<anonymous>)
    at u.storageHandler.preProcess (<anonymous>:2:1892424)
    at u.storageHandler.import (<anonymous>:2:1893650)
    at async jC (<anonymous>:2:1900296)
[Browser Console] get data url from a base64 image (): InvalidCharacterError: Failed to execute 'atob' on 'Window': The string to be decoded is not correctly encoded.
    at _C.getDataUrlFromB64Img (<anonymous>:2:1876557)
    at <anonymous>:2:1892650
    at NodeList.forEach (<anonymous>)
    at u.storageHandler.preProcess (<anonymous>:2:1892424)
    at u.storageHandler.import (<anonymous>:2:1893650)
    at async jC (<anonymous>:2:1900296)
[Browser Console] get data url from a base64 image (): InvalidCharacterError: Failed to execute 'atob' on 'Window': The string to be decoded is not correctly encoded.
    at _C.getDataUrlFromB64Img (<anonymous>:2:1876557)
    at <anonymous>:2:1892650
    at NodeList.forEach (<anonymous>)
    at u.storageHandler.preProcess (<anonymous>:2:1892424)
    at u.storageHandler.import (<anonymous>:2:1893650)
    at async jC (<anonymous>:2:1900296)
[Browser Console] get data url from a base64 image (): InvalidCharacterError: Failed to execute 'atob' on 'Window': The string to be decoded is not correctly encoded.
    at _C.getDataUrlFromB64Img (<anonymous>:2:1876557)
    at <anonymous>:2:1892650
    at NodeList.forEach (<anonymous>)
    at u.storageHandler.preProcess (<anonymous>:2:1892424)
    at u.storageHandler.import (<anonymous>:2:1893650)
    at async jC (<anonymous>:2:1900296)
[Browser Console] get data url from a base64 image (): InvalidCharacterError: Failed to execute 'atob' on 'Window': The string to be decoded is not correctly encoded.
    at _C.getDataUrlFromB64Img (<anonymous>:2:1876557)
    at <anonymous>:2:1892650
    at NodeList.forEach (<anonymous>)
    at u.storageHandler.preProcess (<anonymous>:2:1892424)
    at u.storageHandler.import (<anonymous>:2:1893650)
    at async jC (<anonymous>:2:1900296)
[Browser Console] get data url from a base64 image (): InvalidCharacterError: Failed to execute 'atob' on 'Window': The string to be decoded is not correctly encoded.
    at _C.getDataUrlFromB64Img (<anonymous>:2:1876557)
    at <anonymous>:2:1892650
    at NodeList.forEach (<anonymous>)
    at u.storageHandler.preProcess (<anonymous>:2:1892424)
    at u.storageHandler.import (<anonymous>:2:1893650)
    at async jC (<anonymous>:2:1900296)
[Browser Console] get data url from a base64 image (): InvalidCharacterError: Failed to execute 'atob' on 'Window': The string to be decoded is not correctly encoded.
    at _C.getDataUrlFromB64Img (<anonymous>:2:1876557)
    at <anonymous>:2:1892650
    at NodeList.forEach (<anonymous>)
    at u.storageHandler.preProcess (<anonymous>:2:1892424)
    at u.storageHandler.import (<anonymous>:2:1893650)
    at async jC (<anonymous>:2:1900296)
[Browser Console] get data url from a base64 image (): InvalidCharacterError: Failed to execute 'atob' on 'Window': The string to be decoded is not correctly encoded.
    at _C.getDataUrlFromB64Img (<anonymous>:2:1876557)
    at <anonymous>:2:1892650
    at NodeList.forEach (<anonymous>)
    at u.storageHandler.preProcess (<anonymous>:2:1892424)
    at u.storageHandler.import (<anonymous>:2:1893650)
    at async jC (<anonymous>:2:1900296)
[Browser Console] get data url from a base64 image (): InvalidCharacterError: Failed to execute 'atob' on 'Window': The string to be decoded is not correctly encoded.
    at _C.getDataUrlFromB64Img (<anonymous>:2:1876557)
    at <anonymous>:2:1892650
    at NodeList.forEach (<anonymous>)
    at u.storageHandler.preProcess (<anonymous>:2:1892424)
    at u.storageHandler.import (<anonymous>:2:1893650)
    at async jC (<anonymous>:2:1900296)
[Browser Console] get data url from a base64 image (): InvalidCharacterError: Failed to execute 'atob' on 'Window': The string to be decoded is not correctly encoded.
    at _C.getDataUrlFromB64Img (<anonymous>:2:1876557)
    at <anonymous>:2:1892650
    at NodeList.forEach (<anonymous>)
    at u.storageHandler.preProcess (<anonymous>:2:1892424)
    at u.storageHandler.import (<anonymous>:2:1893650)
    at async jC (<anonymous>:2:1900296)
[Browser Console] get data url from a base64 image (): InvalidCharacterError: Failed to execute 'atob' on 'Window': The string to be decoded is not correctly encoded.
    at _C.getDataUrlFromB64Img (<anonymous>:2:1876557)
    at <anonymous>:2:1892650
    at NodeList.forEach (<anonymous>)
    at u.storageHandler.preProcess (<anonymous>:2:1892424)
    at u.storageHandler.import (<anonymous>:2:1893650)
    at async jC (<anonymous>:2:1900296)
[Browser Console] get data url from a base64 image (): InvalidCharacterError: Failed to execute 'atob' on 'Window': The string to be decoded is not correctly encoded.
    at _C.getDataUrlFromB64Img (<anonymous>:2:1876557)
    at <anonymous>:2:1892650
    at NodeList.forEach (<anonymous>)
    at u.storageHandler.preProcess (<anonymous>:2:1892424)
    at u.storageHandler.import (<anonymous>:2:1893650)
    at async jC (<anonymous>:2:1900296)
[Browser Console] get data url from a base64 image (): InvalidCharacterError: Failed to execute 'atob' on 'Window': The string to be decoded is not correctly encoded.
    at _C.getDataUrlFromB64Img (<anonymous>:2:1876557)
    at <anonymous>:2:1892650
    at NodeList.forEach (<anonymous>)
    at u.storageHandler.preProcess (<anonymous>:2:1892424)
    at u.storageHandler.import (<anonymous>:2:1893650)
    at async jC (<anonymous>:2:1900296)
[Browser Console] get data url from a base64 image (): InvalidCharacterError: Failed to execute 'atob' on 'Window': The string to be decoded is not correctly encoded.
    at _C.getDataUrlFromB64Img (<anonymous>:2:1876557)
    at <anonymous>:2:1892650
    at NodeList.forEach (<anonymous>)
    at u.storageHandler.preProcess (<anonymous>:2:1892424)
    at u.storageHandler.import (<anonymous>:2:1893650)
    at async jC (<anonymous>:2:1900296)
[Browser Console] get data url from a base64 image (): InvalidCharacterError: Failed to execute 'atob' on 'Window': The string to be decoded is not correctly encoded.
    at _C.getDataUrlFromB64Img (<anonymous>:2:1876557)
    at <anonymous>:2:1892650
    at NodeList.forEach (<anonymous>)
    at u.storageHandler.preProcess (<anonymous>:2:1892424)
    at u.storageHandler.import (<anonymous>:2:1893650)
    at async jC (<anonymous>:2:1900296)
[Browser Console] get data url from a base64 image (): InvalidCharacterError: Failed to execute 'atob' on 'Window': The string to be decoded is not correctly encoded.
    at _C.getDataUrlFromB64Img (<anonymous>:2:1876557)
    at <anonymous>:2:1892650
    at NodeList.forEach (<anonymous>)
    at u.storageHandler.preProcess (<anonymous>:2:1892424)
    at u.storageHandler.import (<anonymous>:2:1893650)
    at async jC (<anonymous>:2:1900296)
[Browser Console] get data url from a base64 image (): InvalidCharacterError: Failed to execute 'atob' on 'Window': The string to be decoded is not correctly encoded.
    at _C.getDataUrlFromB64Img (<anonymous>:2:1876557)
    at <anonymous>:2:1892650
    at NodeList.forEach (<anonymous>)
    at u.storageHandler.preProcess (<anonymous>:2:1892424)
    at u.storageHandler.import (<anonymous>:2:1893650)
    at async jC (<anonymous>:2:1900296)
[Browser Console] get data url from a base64 image (): InvalidCharacterError: Failed to execute 'atob' on 'Window': The string to be decoded is not correctly encoded.
    at _C.getDataUrlFromB64Img (<anonymous>:2:1876557)
    at <anonymous>:2:1892650
    at NodeList.forEach (<anonymous>)
    at u.storageHandler.preProcess (<anonymous>:2:1892424)
    at u.storageHandler.import (<anonymous>:2:1893650)
    at async jC (<anonymous>:2:1900296)
[Browser Console] get data url from a base64 image (): InvalidCharacterError: Failed to execute 'atob' on 'Window': The string to be decoded is not correctly encoded.
    at _C.getDataUrlFromB64Img (<anonymous>:2:1876557)
    at <anonymous>:2:1892650
    at NodeList.forEach (<anonymous>)
    at u.storageHandler.preProcess (<anonymous>:2:1892424)
    at u.storageHandler.import (<anonymous>:2:1893650)
    at async jC (<anonymous>:2:1900296)
[Browser Console] get data url from a base64 image (): InvalidCharacterError: Failed to execute 'atob' on 'Window': The string to be decoded is not correctly encoded.
    at _C.getDataUrlFromB64Img (<anonymous>:2:1876557)
    at <anonymous>:2:1892650
    at NodeList.forEach (<anonymous>)
    at u.storageHandler.preProcess (<anonymous>:2:1892424)
    at u.storageHandler.import (<anonymous>:2:1893650)
    at async jC (<anonymous>:2:1900296)
[Browser Console] get data url from a base64 image (): InvalidCharacterError: Failed to execute 'atob' on 'Window': The string to be decoded is not correctly encoded.
    at _C.getDataUrlFromB64Img (<anonymous>:2:1876557)
    at <anonymous>:2:1892650
    at NodeList.forEach (<anonymous>)
    at u.storageHandler.preProcess (<anonymous>:2:1892424)
    at u.storageHandler.import (<anonymous>:2:1893650)
    at async jC (<anonymous>:2:1900296)
[7/13] ✅ Saved content to en/digital-banking/ways-to-bank/mobile-banking
[8/13] Starting https://www.kotak.bank.in/en/open-banking.html
[Browser Console] [Meta Pixel] - Invalid PixelID: null.
[Browser Console] get data url from a base64 image (): InvalidCharacterError: Failed to execute 'atob' on 'Window': The string to be decoded is not correctly encoded.
    at _C.getDataUrlFromB64Img (<anonymous>:2:1876557)
    at <anonymous>:2:1892650
    at NodeList.forEach (<anonymous>)
    at u.storageHandler.preProcess (<anonymous>:2:1892424)
    at u.storageHandler.import (<anonymous>:2:1893650)
    at async jC (<anonymous>:2:1900296)
[Browser Console] get data url from a base64 image (): InvalidCharacterError: Failed to execute 'atob' on 'Window': The string to be decoded is not correctly encoded.
    at _C.getDataUrlFromB64Img (<anonymous>:2:1876557)
    at <anonymous>:2:1892650
    at NodeList.forEach (<anonymous>)
    at u.storageHandler.preProcess (<anonymous>:2:1892424)
    at u.storageHandler.import (<anonymous>:2:1893650)
    at async jC (<anonymous>:2:1900296)
[Browser Console] get data url from a base64 image (): InvalidCharacterError: Failed to execute 'atob' on 'Window': The string to be decoded is not correctly encoded.
    at _C.getDataUrlFromB64Img (<anonymous>:2:1876557)
    at <anonymous>:2:1892650
    at NodeList.forEach (<anonymous>)
    at u.storageHandler.preProcess (<anonymous>:2:1892424)
    at u.storageHandler.import (<anonymous>:2:1893650)
    at async jC (<anonymous>:2:1900296)
[Browser Console] get data url from a base64 image (): InvalidCharacterError: Failed to execute 'atob' on 'Window': The string to be decoded is not correctly encoded.
    at _C.getDataUrlFromB64Img (<anonymous>:2:1876557)
    at <anonymous>:2:1892650
    at NodeList.forEach (<anonymous>)
    at u.storageHandler.preProcess (<anonymous>:2:1892424)
    at u.storageHandler.import (<anonymous>:2:1893650)
    at async jC (<anonymous>:2:1900296)
[Browser Console] get data url from a base64 image (): InvalidCharacterError: Failed to execute 'atob' on 'Window': The string to be decoded is not correctly encoded.
    at _C.getDataUrlFromB64Img (<anonymous>:2:1876557)
    at <anonymous>:2:1892650
    at NodeList.forEach (<anonymous>)
    at u.storageHandler.preProcess (<anonymous>:2:1892424)
    at u.storageHandler.import (<anonymous>:2:1893650)
    at async jC (<anonymous>:2:1900296)
[Browser Console] get data url from a base64 image (): InvalidCharacterError: Failed to execute 'atob' on 'Window': The string to be decoded is not correctly encoded.
    at _C.getDataUrlFromB64Img (<anonymous>:2:1876557)
    at <anonymous>:2:1892650
    at NodeList.forEach (<anonymous>)
    at u.storageHandler.preProcess (<anonymous>:2:1892424)
    at u.storageHandler.import (<anonymous>:2:1893650)
    at async jC (<anonymous>:2:1900296)
[Browser Console] get data url from a base64 image (): InvalidCharacterError: Failed to execute 'atob' on 'Window': The string to be decoded is not correctly encoded.
    at _C.getDataUrlFromB64Img (<anonymous>:2:1876557)
    at <anonymous>:2:1892650
    at NodeList.forEach (<anonymous>)
    at u.storageHandler.preProcess (<anonymous>:2:1892424)
    at u.storageHandler.import (<anonymous>:2:1893650)
    at async jC (<anonymous>:2:1900296)
[Browser Console] get data url from a base64 image (): InvalidCharacterError: Failed to execute 'atob' on 'Window': The string to be decoded is not correctly encoded.
    at _C.getDataUrlFromB64Img (<anonymous>:2:1876557)
    at <anonymous>:2:1892650
    at NodeList.forEach (<anonymous>)
    at u.storageHandler.preProcess (<anonymous>:2:1892424)
    at u.storageHandler.import (<anonymous>:2:1893650)
    at async jC (<anonymous>:2:1900296)
[Browser Console] get data url from a base64 image (): InvalidCharacterError: Failed to execute 'atob' on 'Window': The string to be decoded is not correctly encoded.
    at _C.getDataUrlFromB64Img (<anonymous>:2:1876557)
    at <anonymous>:2:1892650
    at NodeList.forEach (<anonymous>)
    at u.storageHandler.preProcess (<anonymous>:2:1892424)
    at u.storageHandler.import (<anonymous>:2:1893650)
    at async jC (<anonymous>:2:1900296)
[Browser Console] get data url from a base64 image (): InvalidCharacterError: Failed to execute 'atob' on 'Window': The string to be decoded is not correctly encoded.
    at _C.getDataUrlFromB64Img (<anonymous>:2:1876557)
    at <anonymous>:2:1892650
    at NodeList.forEach (<anonymous>)
    at u.storageHandler.preProcess (<anonymous>:2:1892424)
    at u.storageHandler.import (<anonymous>:2:1893650)
    at async jC (<anonymous>:2:1900296)
[8/13] ✅ Saved content to en/open-banking
[9/13] Starting https://www.kotak.bank.in/en/personal-banking/accounts/corporate-salary-account.html
[Browser Console] [Meta Pixel] - Invalid PixelID: null.
[Browser Console] get data url from a base64 image (): InvalidCharacterError: Failed to execute 'atob' on 'Window': The string to be decoded is not correctly encoded.
    at _C.getDataUrlFromB64Img (<anonymous>:2:1876557)
    at <anonymous>:2:1892650
    at NodeList.forEach (<anonymous>)
    at u.storageHandler.preProcess (<anonymous>:2:1892424)
    at u.storageHandler.import (<anonymous>:2:1893650)
    at async jC (<anonymous>:2:1900296)
[Browser Console] get data url from a base64 image (): InvalidCharacterError: Failed to execute 'atob' on 'Window': The string to be decoded is not correctly encoded.
    at _C.getDataUrlFromB64Img (<anonymous>:2:1876557)
    at <anonymous>:2:1892650
    at NodeList.forEach (<anonymous>)
    at u.storageHandler.preProcess (<anonymous>:2:1892424)
    at u.storageHandler.import (<anonymous>:2:1893650)
    at async jC (<anonymous>:2:1900296)
[Browser Console] get data url from a base64 image (): InvalidCharacterError: Failed to execute 'atob' on 'Window': The string to be decoded is not correctly encoded.
    at _C.getDataUrlFromB64Img (<anonymous>:2:1876557)
    at <anonymous>:2:1892650
    at NodeList.forEach (<anonymous>)
    at u.storageHandler.preProcess (<anonymous>:2:1892424)
    at u.storageHandler.import (<anonymous>:2:1893650)
    at async jC (<anonymous>:2:1900296)
[Browser Console] get data url from a base64 image (): InvalidCharacterError: Failed to execute 'atob' on 'Window': The string to be decoded is not correctly encoded.
    at _C.getDataUrlFromB64Img (<anonymous>:2:1876557)
    at <anonymous>:2:1892650
    at NodeList.forEach (<anonymous>)
    at u.storageHandler.preProcess (<anonymous>:2:1892424)
    at u.storageHandler.import (<anonymous>:2:1893650)
    at async jC (<anonymous>:2:1900296)
[Browser Console] get data url from a base64 image (): InvalidCharacterError: Failed to execute 'atob' on 'Window': The string to be decoded is not correctly encoded.
    at _C.getDataUrlFromB64Img (<anonymous>:2:1876557)
    at <anonymous>:2:1892650
    at NodeList.forEach (<anonymous>)
    at u.storageHandler.preProcess (<anonymous>:2:1892424)
    at u.storageHandler.import (<anonymous>:2:1893650)
    at async jC (<anonymous>:2:1900296)
[Browser Console] get data url from a base64 image (): InvalidCharacterError: Failed to execute 'atob' on 'Window': The string to be decoded is not correctly encoded.
    at _C.getDataUrlFromB64Img (<anonymous>:2:1876557)
    at <anonymous>:2:1892650
    at NodeList.forEach (<anonymous>)
    at u.storageHandler.preProcess (<anonymous>:2:1892424)
    at u.storageHandler.import (<anonymous>:2:1893650)
    at async jC (<anonymous>:2:1900296)
[Browser Console] get data url from a base64 image (): InvalidCharacterError: Failed to execute 'atob' on 'Window': The string to be decoded is not correctly encoded.
    at _C.getDataUrlFromB64Img (<anonymous>:2:1876557)
    at <anonymous>:2:1892650
    at NodeList.forEach (<anonymous>)
    at u.storageHandler.preProcess (<anonymous>:2:1892424)
    at u.storageHandler.import (<anonymous>:2:1893650)
    at async jC (<anonymous>:2:1900296)
[Browser Console] get data url from a base64 image (): InvalidCharacterError: Failed to execute 'atob' on 'Window': The string to be decoded is not correctly encoded.
    at _C.getDataUrlFromB64Img (<anonymous>:2:1876557)
    at <anonymous>:2:1892650
    at NodeList.forEach (<anonymous>)
    at u.storageHandler.preProcess (<anonymous>:2:1892424)
    at u.storageHandler.import (<anonymous>:2:1893650)
    at async jC (<anonymous>:2:1900296)
[Browser Console] get data url from a base64 image (): InvalidCharacterError: Failed to execute 'atob' on 'Window': The string to be decoded is not correctly encoded.
    at _C.getDataUrlFromB64Img (<anonymous>:2:1876557)
    at <anonymous>:2:1892650
    at NodeList.forEach (<anonymous>)
    at u.storageHandler.preProcess (<anonymous>:2:1892424)
    at u.storageHandler.import (<anonymous>:2:1893650)
    at async jC (<anonymous>:2:1900296)
[Browser Console] get data url from a base64 image (): InvalidCharacterError: Failed to execute 'atob' on 'Window': The string to be decoded is not correctly encoded.
    at _C.getDataUrlFromB64Img (<anonymous>:2:1876557)
    at <anonymous>:2:1892650
    at NodeList.forEach (<anonymous>)
    at u.storageHandler.preProcess (<anonymous>:2:1892424)
    at u.storageHandler.import (<anonymous>:2:1893650)
    at async jC (<anonymous>:2:1900296)
[Browser Console] get data url from a base64 image (): InvalidCharacterError: Failed to execute 'atob' on 'Window': The string to be decoded is not correctly encoded.
    at _C.getDataUrlFromB64Img (<anonymous>:2:1876557)
    at <anonymous>:2:1892650
    at NodeList.forEach (<anonymous>)
    at u.storageHandler.preProcess (<anonymous>:2:1892424)
    at u.storageHandler.import (<anonymous>:2:1893650)
    at async jC (<anonymous>:2:1900296)
[Browser Console] get data url from a base64 image (): InvalidCharacterError: Failed to execute 'atob' on 'Window': The string to be decoded is not correctly encoded.
    at _C.getDataUrlFromB64Img (<anonymous>:2:1876557)
    at <anonymous>:2:1892650
    at NodeList.forEach (<anonymous>)
    at u.storageHandler.preProcess (<anonymous>:2:1892424)
    at u.storageHandler.import (<anonymous>:2:1893650)
    at async jC (<anonymous>:2:1900296)
[Browser Console] get data url from a base64 image (): InvalidCharacterError: Failed to execute 'atob' on 'Window': The string to be decoded is not correctly encoded.
    at _C.getDataUrlFromB64Img (<anonymous>:2:1876557)
    at <anonymous>:2:1892650
    at NodeList.forEach (<anonymous>)
    at u.storageHandler.preProcess (<anonymous>:2:1892424)
    at u.storageHandler.import (<anonymous>:2:1893650)
    at async jC (<anonymous>:2:1900296)
[9/13] ✅ Saved content to en/personal-banking/accounts/corporate-salary-account
[10/13] Starting https://www.kotak.bank.in/en/personal-banking/cards/prepaid-card/forex-card.html
[Browser Console] [Meta Pixel] - Invalid PixelID: null.
[Browser Console] get data url from a base64 image (): InvalidCharacterError: Failed to execute 'atob' on 'Window': The string to be decoded is not correctly encoded.
    at _C.getDataUrlFromB64Img (<anonymous>:2:1876557)
    at <anonymous>:2:1892650
    at NodeList.forEach (<anonymous>)
    at u.storageHandler.preProcess (<anonymous>:2:1892424)
    at u.storageHandler.import (<anonymous>:2:1893650)
    at async jC (<anonymous>:2:1900296)
[Browser Console] get data url from a base64 image (): InvalidCharacterError: Failed to execute 'atob' on 'Window': The string to be decoded is not correctly encoded.
    at _C.getDataUrlFromB64Img (<anonymous>:2:1876557)
    at <anonymous>:2:1892650
    at NodeList.forEach (<anonymous>)
    at u.storageHandler.preProcess (<anonymous>:2:1892424)
    at u.storageHandler.import (<anonymous>:2:1893650)
    at async jC (<anonymous>:2:1900296)
[Browser Console] get data url from a base64 image (): InvalidCharacterError: Failed to execute 'atob' on 'Window': The string to be decoded is not correctly encoded.
    at _C.getDataUrlFromB64Img (<anonymous>:2:1876557)
    at <anonymous>:2:1892650
    at NodeList.forEach (<anonymous>)
    at u.storageHandler.preProcess (<anonymous>:2:1892424)
    at u.storageHandler.import (<anonymous>:2:1893650)
    at async jC (<anonymous>:2:1900296)
[Browser Console] get data url from a base64 image (): InvalidCharacterError: Failed to execute 'atob' on 'Window': The string to be decoded is not correctly encoded.
    at _C.getDataUrlFromB64Img (<anonymous>:2:1876557)
    at <anonymous>:2:1892650
    at NodeList.forEach (<anonymous>)
    at u.storageHandler.preProcess (<anonymous>:2:1892424)
    at u.storageHandler.import (<anonymous>:2:1893650)
    at async jC (<anonymous>:2:1900296)
[Browser Console] get data url from a base64 image (): InvalidCharacterError: Failed to execute 'atob' on 'Window': The string to be decoded is not correctly encoded.
    at _C.getDataUrlFromB64Img (<anonymous>:2:1876557)
    at <anonymous>:2:1892650
    at NodeList.forEach (<anonymous>)
    at u.storageHandler.preProcess (<anonymous>:2:1892424)
    at u.storageHandler.import (<anonymous>:2:1893650)
    at async jC (<anonymous>:2:1900296)
[Browser Console] get data url from a base64 image (): InvalidCharacterError: Failed to execute 'atob' on 'Window': The string to be decoded is not correctly encoded.
    at _C.getDataUrlFromB64Img (<anonymous>:2:1876557)
    at <anonymous>:2:1892650
    at NodeList.forEach (<anonymous>)
    at u.storageHandler.preProcess (<anonymous>:2:1892424)
    at u.storageHandler.import (<anonymous>:2:1893650)
    at async jC (<anonymous>:2:1900296)
[Browser Console] get data url from a base64 image (): InvalidCharacterError: Failed to execute 'atob' on 'Window': The string to be decoded is not correctly encoded.
    at _C.getDataUrlFromB64Img (<anonymous>:2:1876557)
    at <anonymous>:2:1892650
    at NodeList.forEach (<anonymous>)
    at u.storageHandler.preProcess (<anonymous>:2:1892424)
    at u.storageHandler.import (<anonymous>:2:1893650)
    at async jC (<anonymous>:2:1900296)
[Browser Console] get data url from a base64 image (): InvalidCharacterError: Failed to execute 'atob' on 'Window': The string to be decoded is not correctly encoded.
    at _C.getDataUrlFromB64Img (<anonymous>:2:1876557)
    at <anonymous>:2:1892650
    at NodeList.forEach (<anonymous>)
    at u.storageHandler.preProcess (<anonymous>:2:1892424)
    at u.storageHandler.import (<anonymous>:2:1893650)
    at async jC (<anonymous>:2:1900296)
[Browser Console] get data url from a base64 image (): InvalidCharacterError: Failed to execute 'atob' on 'Window': The string to be decoded is not correctly encoded.
    at _C.getDataUrlFromB64Img (<anonymous>:2:1876557)
    at <anonymous>:2:1892650
    at NodeList.forEach (<anonymous>)
    at u.storageHandler.preProcess (<anonymous>:2:1892424)
    at u.storageHandler.import (<anonymous>:2:1893650)
    at async jC (<anonymous>:2:1900296)
[Browser Console] get data url from a base64 image (): InvalidCharacterError: Failed to execute 'atob' on 'Window': The string to be decoded is not correctly encoded.
    at _C.getDataUrlFromB64Img (<anonymous>:2:1876557)
    at <anonymous>:2:1892650
    at NodeList.forEach (<anonymous>)
    at u.storageHandler.preProcess (<anonymous>:2:1892424)
    at u.storageHandler.import (<anonymous>:2:1893650)
    at async jC (<anonymous>:2:1900296)
[Browser Console] get data url from a base64 image (): InvalidCharacterError: Failed to execute 'atob' on 'Window': The string to be decoded is not correctly encoded.
    at _C.getDataUrlFromB64Img (<anonymous>:2:1876557)
    at <anonymous>:2:1892650
    at NodeList.forEach (<anonymous>)
    at u.storageHandler.preProcess (<anonymous>:2:1892424)
    at u.storageHandler.import (<anonymous>:2:1893650)
    at async jC (<anonymous>:2:1900296)
[Browser Console] get data url from a base64 image (): InvalidCharacterError: Failed to execute 'atob' on 'Window': The string to be decoded is not correctly encoded.
    at _C.getDataUrlFromB64Img (<anonymous>:2:1876557)
    at <anonymous>:2:1892650
    at NodeList.forEach (<anonymous>)
    at u.storageHandler.preProcess (<anonymous>:2:1892424)
    at u.storageHandler.import (<anonymous>:2:1893650)
    at async jC (<anonymous>:2:1900296)
[Browser Console] get data url from a base64 image (): InvalidCharacterError: Failed to execute 'atob' on 'Window': The string to be decoded is not correctly encoded.
    at _C.getDataUrlFromB64Img (<anonymous>:2:1876557)
    at <anonymous>:2:1892650
    at NodeList.forEach (<anonymous>)
    at u.storageHandler.preProcess (<anonymous>:2:1892424)
    at u.storageHandler.import (<anonymous>:2:1893650)
    at async jC (<anonymous>:2:1900296)
[Browser Console] get data url from a base64 image (): InvalidCharacterError: Failed to execute 'atob' on 'Window': The string to be decoded is not correctly encoded.
    at _C.getDataUrlFromB64Img (<anonymous>:2:1876557)
    at <anonymous>:2:1892650
    at NodeList.forEach (<anonymous>)
    at u.storageHandler.preProcess (<anonymous>:2:1892424)
    at u.storageHandler.import (<anonymous>:2:1893650)
    at async jC (<anonymous>:2:1900296)
[Browser Console] get data url from a base64 image (): InvalidCharacterError: Failed to execute 'atob' on 'Window': The string to be decoded is not correctly encoded.
    at _C.getDataUrlFromB64Img (<anonymous>:2:1876557)
    at <anonymous>:2:1892650
    at NodeList.forEach (<anonymous>)
    at u.storageHandler.preProcess (<anonymous>:2:1892424)
    at u.storageHandler.import (<anonymous>:2:1893650)
    at async jC (<anonymous>:2:1900296)
[10/13] ✅ Saved content to en/personal-banking/cards/prepaid-card/forex-card
[11/13] Starting https://www.kotak.bank.in/en/safe-banking/safe-banking-articles.html
[Browser Console] [Meta Pixel] - Invalid PixelID: null.
[Browser Console] get data url from a base64 image (): InvalidCharacterError: Failed to execute 'atob' on 'Window': The string to be decoded is not correctly encoded.
    at _C.getDataUrlFromB64Img (<anonymous>:2:1876557)
    at <anonymous>:2:1892650
    at NodeList.forEach (<anonymous>)
    at u.storageHandler.preProcess (<anonymous>:2:1892424)
    at u.storageHandler.import (<anonymous>:2:1893650)
    at async jC (<anonymous>:2:1900296)
[Browser Console] get data url from a base64 image (): InvalidCharacterError: Failed to execute 'atob' on 'Window': The string to be decoded is not correctly encoded.
    at _C.getDataUrlFromB64Img (<anonymous>:2:1876557)
    at <anonymous>:2:1892650
    at NodeList.forEach (<anonymous>)
    at u.storageHandler.preProcess (<anonymous>:2:1892424)
    at u.storageHandler.import (<anonymous>:2:1893650)
    at async jC (<anonymous>:2:1900296)
[Browser Console] get data url from a base64 image (): InvalidCharacterError: Failed to execute 'atob' on 'Window': The string to be decoded is not correctly encoded.
    at _C.getDataUrlFromB64Img (<anonymous>:2:1876557)
    at <anonymous>:2:1892650
    at NodeList.forEach (<anonymous>)
    at u.storageHandler.preProcess (<anonymous>:2:1892424)
    at u.storageHandler.import (<anonymous>:2:1893650)
    at async jC (<anonymous>:2:1900296)
[Browser Console] get data url from a base64 image (): InvalidCharacterError: Failed to execute 'atob' on 'Window': The string to be decoded is not correctly encoded.
    at _C.getDataUrlFromB64Img (<anonymous>:2:1876557)
    at <anonymous>:2:1892650
    at NodeList.forEach (<anonymous>)
    at u.storageHandler.preProcess (<anonymous>:2:1892424)
    at u.storageHandler.import (<anonymous>:2:1893650)
    at async jC (<anonymous>:2:1900296)
[Browser Console] get data url from a base64 image (): InvalidCharacterError: Failed to execute 'atob' on 'Window': The string to be decoded is not correctly encoded.
    at _C.getDataUrlFromB64Img (<anonymous>:2:1876557)
    at <anonymous>:2:1892650
    at NodeList.forEach (<anonymous>)
    at u.storageHandler.preProcess (<anonymous>:2:1892424)
    at u.storageHandler.import (<anonymous>:2:1893650)
    at async jC (<anonymous>:2:1900296)
[Browser Console] get data url from a base64 image (): InvalidCharacterError: Failed to execute 'atob' on 'Window': The string to be decoded is not correctly encoded.
    at _C.getDataUrlFromB64Img (<anonymous>:2:1876557)
    at <anonymous>:2:1892650
    at NodeList.forEach (<anonymous>)
    at u.storageHandler.preProcess (<anonymous>:2:1892424)
    at u.storageHandler.import (<anonymous>:2:1893650)
    at async jC (<anonymous>:2:1900296)
[Browser Console] get data url from a base64 image (): InvalidCharacterError: Failed to execute 'atob' on 'Window': The string to be decoded is not correctly encoded.
    at _C.getDataUrlFromB64Img (<anonymous>:2:1876557)
    at <anonymous>:2:1892650
    at NodeList.forEach (<anonymous>)
    at u.storageHandler.preProcess (<anonymous>:2:1892424)
    at u.storageHandler.import (<anonymous>:2:1893650)
    at async jC (<anonymous>:2:1900296)
[Browser Console] get data url from a base64 image (): InvalidCharacterError: Failed to execute 'atob' on 'Window': The string to be decoded is not correctly encoded.
    at _C.getDataUrlFromB64Img (<anonymous>:2:1876557)
    at <anonymous>:2:1892650
    at NodeList.forEach (<anonymous>)
    at u.storageHandler.preProcess (<anonymous>:2:1892424)
    at u.storageHandler.import (<anonymous>:2:1893650)
    at async jC (<anonymous>:2:1900296)
[Browser Console] get data url from a base64 image (): InvalidCharacterError: Failed to execute 'atob' on 'Window': The string to be decoded is not correctly encoded.
    at _C.getDataUrlFromB64Img (<anonymous>:2:1876557)
    at <anonymous>:2:1892650
    at NodeList.forEach (<anonymous>)
    at u.storageHandler.preProcess (<anonymous>:2:1892424)
    at u.storageHandler.import (<anonymous>:2:1893650)
    at async jC (<anonymous>:2:1900296)
[Browser Console] get data url from a base64 image (): InvalidCharacterError: Failed to execute 'atob' on 'Window': The string to be decoded is not correctly encoded.
    at _C.getDataUrlFromB64Img (<anonymous>:2:1876557)
    at <anonymous>:2:1892650
    at NodeList.forEach (<anonymous>)
    at u.storageHandler.preProcess (<anonymous>:2:1892424)
    at u.storageHandler.import (<anonymous>:2:1893650)
    at async jC (<anonymous>:2:1900296)
[Browser Console] get data url from a base64 image (): InvalidCharacterError: Failed to execute 'atob' on 'Window': The string to be decoded is not correctly encoded.
    at _C.getDataUrlFromB64Img (<anonymous>:2:1876557)
    at <anonymous>:2:1892650
    at NodeList.forEach (<anonymous>)
    at u.storageHandler.preProcess (<anonymous>:2:1892424)
    at u.storageHandler.import (<anonymous>:2:1893650)
    at async jC (<anonymous>:2:1900296)
[11/13] ✅ Saved content to en/safe-banking/safe-banking-articles
[12/13] Starting https://www.kotak.bank.in/en/solitaire.html
[Browser Console] [Meta Pixel] - Invalid PixelID: null.
[Browser Console] get data url from a base64 image (): InvalidCharacterError: Failed to execute 'atob' on 'Window': The string to be decoded is not correctly encoded.
    at _C.getDataUrlFromB64Img (<anonymous>:2:1876557)
    at <anonymous>:2:1892650
    at NodeList.forEach (<anonymous>)
    at u.storageHandler.preProcess (<anonymous>:2:1892424)
    at u.storageHandler.import (<anonymous>:2:1893650)
    at async jC (<anonymous>:2:1900296)
[Browser Console] get data url from a base64 image (): InvalidCharacterError: Failed to execute 'atob' on 'Window': The string to be decoded is not correctly encoded.
    at _C.getDataUrlFromB64Img (<anonymous>:2:1876557)
    at <anonymous>:2:1892650
    at NodeList.forEach (<anonymous>)
    at u.storageHandler.preProcess (<anonymous>:2:1892424)
    at u.storageHandler.import (<anonymous>:2:1893650)
    at async jC (<anonymous>:2:1900296)
[Browser Console] get data url from a base64 image (): InvalidCharacterError: Failed to execute 'atob' on 'Window': The string to be decoded is not correctly encoded.
    at _C.getDataUrlFromB64Img (<anonymous>:2:1876557)
    at <anonymous>:2:1892650
    at NodeList.forEach (<anonymous>)
    at u.storageHandler.preProcess (<anonymous>:2:1892424)
    at u.storageHandler.import (<anonymous>:2:1893650)
    at async jC (<anonymous>:2:1900296)
[Browser Console] get data url from a base64 image (): InvalidCharacterError: Failed to execute 'atob' on 'Window': The string to be decoded is not correctly encoded.
    at _C.getDataUrlFromB64Img (<anonymous>:2:1876557)
    at <anonymous>:2:1892650
    at NodeList.forEach (<anonymous>)
    at u.storageHandler.preProcess (<anonymous>:2:1892424)
    at u.storageHandler.import (<anonymous>:2:1893650)
    at async jC (<anonymous>:2:1900296)
[Browser Console] get data url from a base64 image (): InvalidCharacterError: Failed to execute 'atob' on 'Window': The string to be decoded is not correctly encoded.
    at _C.getDataUrlFromB64Img (<anonymous>:2:1876557)
    at <anonymous>:2:1892650
    at NodeList.forEach (<anonymous>)
    at u.storageHandler.preProcess (<anonymous>:2:1892424)
    at u.storageHandler.import (<anonymous>:2:1893650)
    at async jC (<anonymous>:2:1900296)
[Browser Console] get data url from a base64 image (): InvalidCharacterError: Failed to execute 'atob' on 'Window': The string to be decoded is not correctly encoded.
    at _C.getDataUrlFromB64Img (<anonymous>:2:1876557)
    at <anonymous>:2:1892650
    at NodeList.forEach (<anonymous>)
    at u.storageHandler.preProcess (<anonymous>:2:1892424)
    at u.storageHandler.import (<anonymous>:2:1893650)
    at async jC (<anonymous>:2:1900296)
[Browser Console] get data url from a base64 image (): InvalidCharacterError: Failed to execute 'atob' on 'Window': The string to be decoded is not correctly encoded.
    at _C.getDataUrlFromB64Img (<anonymous>:2:1876557)
    at <anonymous>:2:1892650
    at NodeList.forEach (<anonymous>)
    at u.storageHandler.preProcess (<anonymous>:2:1892424)
    at u.storageHandler.import (<anonymous>:2:1893650)
    at async jC (<anonymous>:2:1900296)
[Browser Console] get data url from a base64 image (): InvalidCharacterError: Failed to execute 'atob' on 'Window': The string to be decoded is not correctly encoded.
    at _C.getDataUrlFromB64Img (<anonymous>:2:1876557)
    at <anonymous>:2:1892650
    at NodeList.forEach (<anonymous>)
    at u.storageHandler.preProcess (<anonymous>:2:1892424)
    at u.storageHandler.import (<anonymous>:2:1893650)
    at async jC (<anonymous>:2:1900296)
[Browser Console] get data url from a base64 image (): InvalidCharacterError: Failed to execute 'atob' on 'Window': The string to be decoded is not correctly encoded.
    at _C.getDataUrlFromB64Img (<anonymous>:2:1876557)
    at <anonymous>:2:1892650
    at NodeList.forEach (<anonymous>)
    at u.storageHandler.preProcess (<anonymous>:2:1892424)
    at u.storageHandler.import (<anonymous>:2:1893650)
    at async jC (<anonymous>:2:1900296)
[Browser Console] get data url from a base64 image (): InvalidCharacterError: Failed to execute 'atob' on 'Window': The string to be decoded is not correctly encoded.
    at _C.getDataUrlFromB64Img (<anonymous>:2:1876557)
    at <anonymous>:2:1892650
    at NodeList.forEach (<anonymous>)
    at u.storageHandler.preProcess (<anonymous>:2:1892424)
    at u.storageHandler.import (<anonymous>:2:1893650)
    at async jC (<anonymous>:2:1900296)
[Browser Console] get data url from a base64 image (): InvalidCharacterError: Failed to execute 'atob' on 'Window': The string to be decoded is not correctly encoded.
    at _C.getDataUrlFromB64Img (<anonymous>:2:1876557)
    at <anonymous>:2:1892650
    at NodeList.forEach (<anonymous>)
    at u.storageHandler.preProcess (<anonymous>:2:1892424)
    at u.storageHandler.import (<anonymous>:2:1893650)
    at async jC (<anonymous>:2:1900296)
[12/13] ✅ Saved content to en/solitaire
[13/13] Starting https://www.kotak.bank.in/en/solitaire/business.html
[Browser Console] [Meta Pixel] - Invalid PixelID: null.
[Browser Console] get data url from a base64 image (): InvalidCharacterError: Failed to execute 'atob' on 'Window': The string to be decoded is not correctly encoded.
    at _C.getDataUrlFromB64Img (<anonymous>:2:1876557)
    at <anonymous>:2:1892650
    at NodeList.forEach (<anonymous>)
    at u.storageHandler.preProcess (<anonymous>:2:1892424)
    at u.storageHandler.import (<anonymous>:2:1893650)
    at async jC (<anonymous>:2:1900296)
[Browser Console] get data url from a base64 image (): InvalidCharacterError: Failed to execute 'atob' on 'Window': The string to be decoded is not correctly encoded.
    at _C.getDataUrlFromB64Img (<anonymous>:2:1876557)
    at <anonymous>:2:1892650
    at NodeList.forEach (<anonymous>)
    at u.storageHandler.preProcess (<anonymous>:2:1892424)
    at u.storageHandler.import (<anonymous>:2:1893650)
    at async jC (<anonymous>:2:1900296)
[Browser Console] get data url from a base64 image (): InvalidCharacterError: Failed to execute 'atob' on 'Window': The string to be decoded is not correctly encoded.
    at _C.getDataUrlFromB64Img (<anonymous>:2:1876557)
    at <anonymous>:2:1892650
    at NodeList.forEach (<anonymous>)
    at u.storageHandler.preProcess (<anonymous>:2:1892424)
    at u.storageHandler.import (<anonymous>:2:1893650)
    at async jC (<anonymous>:2:1900296)
[Browser Console] get data url from a base64 image (): InvalidCharacterError: Failed to execute 'atob' on 'Window': The string to be decoded is not correctly encoded.
    at _C.getDataUrlFromB64Img (<anonymous>:2:1876557)
    at <anonymous>:2:1892650
    at NodeList.forEach (<anonymous>)
    at u.storageHandler.preProcess (<anonymous>:2:1892424)
    at u.storageHandler.import (<anonymous>:2:1893650)
    at async jC (<anonymous>:2:1900296)
[Browser Console] get data url from a base64 image (): InvalidCharacterError: Failed to execute 'atob' on 'Window': The string to be decoded is not correctly encoded.
    at _C.getDataUrlFromB64Img (<anonymous>:2:1876557)
    at <anonymous>:2:1892650
    at NodeList.forEach (<anonymous>)
    at u.storageHandler.preProcess (<anonymous>:2:1892424)
    at u.storageHandler.import (<anonymous>:2:1893650)
    at async jC (<anonymous>:2:1900296)
[Browser Console] get data url from a base64 image (): InvalidCharacterError: Failed to execute 'atob' on 'Window': The string to be decoded is not correctly encoded.
    at _C.getDataUrlFromB64Img (<anonymous>:2:1876557)
    at <anonymous>:2:1892650
    at NodeList.forEach (<anonymous>)
    at u.storageHandler.preProcess (<anonymous>:2:1892424)
    at u.storageHandler.import (<anonymous>:2:1893650)
    at async jC (<anonymous>:2:1900296)
[Browser Console] get data url from a base64 image (): InvalidCharacterError: Failed to execute 'atob' on 'Window': The string to be decoded is not correctly encoded.
    at _C.getDataUrlFromB64Img (<anonymous>:2:1876557)
    at <anonymous>:2:1892650
    at NodeList.forEach (<anonymous>)
    at u.storageHandler.preProcess (<anonymous>:2:1892424)
    at u.storageHandler.import (<anonymous>:2:1893650)
    at async jC (<anonymous>:2:1900296)
[Browser Console] get data url from a base64 image (): InvalidCharacterError: Failed to execute 'atob' on 'Window': The string to be decoded is not correctly encoded.
    at _C.getDataUrlFromB64Img (<anonymous>:2:1876557)
    at <anonymous>:2:1892650
    at NodeList.forEach (<anonymous>)
    at u.storageHandler.preProcess (<anonymous>:2:1892424)
    at u.storageHandler.import (<anonymous>:2:1893650)
    at async jC (<anonymous>:2:1900296)
[Browser Console] get data url from a base64 image (): InvalidCharacterError: Failed to execute 'atob' on 'Window': The string to be decoded is not correctly encoded.
    at _C.getDataUrlFromB64Img (<anonymous>:2:1876557)
    at <anonymous>:2:1892650
    at NodeList.forEach (<anonymous>)
    at u.storageHandler.preProcess (<anonymous>:2:1892424)
    at u.storageHandler.import (<anonymous>:2:1893650)
    at async jC (<anonymous>:2:1900296)
[Browser Console] get data url from a base64 image (): InvalidCharacterError: Failed to execute 'atob' on 'Window': The string to be decoded is not correctly encoded.
    at _C.getDataUrlFromB64Img (<anonymous>:2:1876557)
    at <anonymous>:2:1892650
    at NodeList.forEach (<anonymous>)
    at u.storageHandler.preProcess (<anonymous>:2:1892424)
    at u.storageHandler.import (<anonymous>:2:1893650)
    at async jC (<anonymous>:2:1900296)
[Browser Console] get data url from a base64 image (): InvalidCharacterError: Failed to execute 'atob' on 'Window': The string to be decoded is not correctly encoded.
    at _C.getDataUrlFromB64Img (<anonymous>:2:1876557)
    at <anonymous>:2:1892650
    at NodeList.forEach (<anonymous>)
    at u.storageHandler.preProcess (<anonymous>:2:1892424)
    at u.storageHandler.import (<anonymous>:2:1893650)
    at async jC (<anonymous>:2:1900296)
[13/13] ✅ Saved content to en/solitaire/business
[Bulk Import] Completed. Success: 13/13, Failures: 0
[Excel Export] Found 99 report file(s). Compiling to Excel...
[Excel Export] ✅ Compiled 99 reports to: /backups/BansalJitendra/ema-kmb-ue-test/repo/tools/importer/reports/import-kotak.report.xlsx
